Using pre-set license
Built from '2020.3/staging' branch; Version is '2020.3.19f1 (68f137dc9bbe) revision 6877495'; Using compiler version '192528614'; Build Type 'Release'
OS: 'Windows 10 Pro; OS build 19043.1526; Version 2009; 64bit' Language: 'es' Physical Memory: 16342 MB
BatchMode: 1, IsHumanControllingUs: 0, StartBugReporterOnCrash: 0, Is64bit: 1, IsPro: 0

COMMAND LINE ARGUMENTS:
C:\Program Files\Unity\Hub\Editor\2020.3.19f1\Editor\Unity.exe
-adb2
-batchMode
-noUpm
-name
AssetImportWorker28
-projectPath
D:/Marc Carrot/OTDB_6
-logFile
Logs/AssetImportWorker28.log
-srvPort
56756
Successfully changed project path to: D:/Marc Carrot/OTDB_6
D:/Marc Carrot/OTDB_6
Using Asset Import Pipeline V2.
Refreshing native plugins compatible for Editor in 66.15 ms, found 2 plugins.
Preloading 0 native plugins for Editor in 0.00 ms.
Initialize engine version: 2020.3.19f1 (68f137dc9bbe)
[Subsystems] Discovering subsystems at path C:/Program Files/Unity/Hub/Editor/2020.3.19f1/Editor/Data/Resources/UnitySubsystems
[Subsystems] Discovering subsystems at path D:/Marc Carrot/OTDB_6/Assets
GfxDevice: creating device client; threaded=0
Direct3D:
    Version:  Direct3D 11.0 [level 11.1]
    Renderer: NVIDIA GeForce GTX 1050 Ti (ID=0x1c82)
    Vendor:   
    VRAM:     4018 MB
    Driver:   27.21.14.5671
Initialize mono
Mono path[0] = 'C:/Program Files/Unity/Hub/Editor/2020.3.19f1/Editor/Data/Managed'
Mono path[1] = 'C:/Program Files/Unity/Hub/Editor/2020.3.19f1/Editor/Data/MonoBleedingEdge/lib/mono/unityjit'
Mono config path = 'C:/Program Files/Unity/Hub/Editor/2020.3.19f1/Editor/Data/MonoBleedingEdge/etc'
Using monoOptions --debugger-agent=transport=dt_socket,embedding=1,server=y,suspend=n,address=127.0.0.1:56508
Begin MonoManager ReloadAssembly
Registering precompiled unity dll's ...
Register platform support module: C:/Program Files/Unity/Hub/Editor/2020.3.19f1/Editor/Data/PlaybackEngines/WindowsStandaloneSupport/UnityEditor.WindowsStandalone.Extensions.dll
Registered in 0.001928 seconds.
Native extension for WindowsStandalone target not found
Refreshing native plugins compatible for Editor in 64.95 ms, found 2 plugins.
Preloading 0 native plugins for Editor in 0.00 ms.
Mono: successfully reloaded assembly
- Completed reload, in  1.206 seconds
Domain Reload Profiling:
	ReloadAssembly (1207ms)
		BeginReloadAssembly (56ms)
			ExecutionOrderSort (0ms)
			DisableScriptedObjects (0ms)
			BackupInstance (0ms)
			ReleaseScriptingObjects (0ms)
			CreateAndSetChildDomain (1ms)
		EndReloadAssembly (483ms)
			LoadAssemblies (54ms)
			RebuildTransferFunctionScriptingTraits (0ms)
			SetupTypeCache (169ms)
			ReleaseScriptCaches (0ms)
			RebuildScriptCaches (35ms)
			SetupLoadedEditorAssemblies (197ms)
				LogAssemblyErrors (0ms)
				InitializePlatformSupportModulesInManaged (5ms)
				SetLoadedEditorAssemblies (0ms)
				RefreshPlugins (65ms)
				BeforeProcessingInitializeOnLoad (9ms)
				ProcessInitializeOnLoadAttributes (86ms)
				ProcessInitializeOnLoadMethodAttributes (31ms)
				AfterProcessingInitializeOnLoad (0ms)
				EditorAssembliesLoaded (0ms)
			ExecutionOrderSort2 (0ms)
			AwakeInstancesAfterBackupRestoration (0ms)
Platform modules already initialized, skipping
Registering precompiled user dll's ...
Registered in 0.002800 seconds.
Begin MonoManager ReloadAssembly
Native extension for WindowsStandalone target not found
Refreshing native plugins compatible for Editor in 65.07 ms, found 2 plugins.
Preloading 0 native plugins for Editor in 0.00 ms.
Mono: successfully reloaded assembly
- Completed reload, in  1.219 seconds
Domain Reload Profiling:
	ReloadAssembly (1220ms)
		BeginReloadAssembly (151ms)
			ExecutionOrderSort (0ms)
			DisableScriptedObjects (5ms)
			BackupInstance (0ms)
			ReleaseScriptingObjects (0ms)
			CreateAndSetChildDomain (19ms)
		EndReloadAssembly (1002ms)
			LoadAssemblies (91ms)
			RebuildTransferFunctionScriptingTraits (0ms)
			SetupTypeCache (336ms)
			ReleaseScriptCaches (1ms)
			RebuildScriptCaches (58ms)
			SetupLoadedEditorAssemblies (386ms)
				LogAssemblyErrors (0ms)
				InitializePlatformSupportModulesInManaged (4ms)
				SetLoadedEditorAssemblies (0ms)
				RefreshPlugins (65ms)
				BeforeProcessingInitializeOnLoad (76ms)
				ProcessInitializeOnLoadAttributes (230ms)
				ProcessInitializeOnLoadMethodAttributes (5ms)
				AfterProcessingInitializeOnLoad (6ms)
				EditorAssembliesLoaded (0ms)
			ExecutionOrderSort2 (0ms)
			AwakeInstancesAfterBackupRestoration (7ms)
Platform modules already initialized, skipping
========================================================================
Worker process is ready to serve import requests
Launched and connected shader compiler UnityShaderCompiler.exe after 0.05 seconds
Refreshing native plugins compatible for Editor in 0.60 ms, found 2 plugins.
Preloading 0 native plugins for Editor in 0.00 ms.
Unloading 3046 Unused Serialized files (Serialized files now loaded: 0)
System memory in use before: 145.1 MB.
System memory in use after: 145.3 MB.

Unloading 19 unused Assets to reduce memory usage. Loaded Objects now: 3494.
Total: 3.762400 ms (FindLiveObjects: 0.287400 ms CreateObjectMapping: 0.165900 ms MarkObjects: 3.183900 ms  DeleteObjects: 0.123900 ms)

AssetImportParameters requested are different than current active one (requested -> active):
  custom:framework-win-MediaFoundation: 216162199b28c13a410421893ffa2e32 -> 
  custom:video-decoder-ogg-theora: a1e56fd34408186e4bbccfd4996cb3dc -> 
  custom:container-muxer-webm: aa71ff27fc2769a1b78a27578f13a17b -> 
  custom:container-demuxer-webm: 4f35f7cbe854078d1ac9338744f61a02 -> 
  custom:container-demuxer-ogg: 62fdf1f143b41e24485cea50d1cbac27 -> 
  custom:video-encoder-webm-vp8: eb34c28f22e8b96e1ab97ce403110664 -> 
  custom:video-decoder-webm-vp8: 9c59270c3fd7afecdb556c50c9e8de78 -> 
  custom:audio-decoder-ogg-vorbis: bf7c407c2cedff20999df2af8eb42d56 -> 
  custom:audio-encoder-webm-vorbis: bf7c407c2cedff20999df2af8eb42d56 -> 
========================================================================
Received Import Request.
  path: Assets/OTDB/PREFABS/NATURALEZA/ARBOL_BOSQUE_8.prefab
  artifactKey: Guid(baca21aeaf35e634fb3a5ef1d0812ed7) Importer(815301076,1909f56bfc062723c751e8b465ee728b)
Start importing Assets/OTDB/PREFABS/NATURALEZA/ARBOL_BOSQUE_8.prefab using Guid(baca21aeaf35e634fb3a5ef1d0812ed7) Importer(815301076,1909f56bfc062723c751e8b465ee728b)  -> (artifact id: 'eb980e28b12e9634db56601619551a80') in 0.251621 seconds 
  Import took 0.256781 seconds .

========================================================================
Received Import Request.
  Time since last request: 5.751876 seconds.
  path: Assets/OTDB/PREFABS/NATURALEZA/ARBOL_BOSQUE_8.prefab
  artifactKey: Guid(baca21aeaf35e634fb3a5ef1d0812ed7) Importer(815301076,1909f56bfc062723c751e8b465ee728b)
Start importing Assets/OTDB/PREFABS/NATURALEZA/ARBOL_BOSQUE_8.prefab using Guid(baca21aeaf35e634fb3a5ef1d0812ed7) Importer(815301076,1909f56bfc062723c751e8b465ee728b)  -> (artifact id: 'b53d5ed52d9ff9455a9160b20d15c21b') in 0.012873 seconds 
  Import took 0.018515 seconds .

========================================================================
Received Import Request.
  Time since last request: 0.755315 seconds.
  path: Assets/OTDB/PREFABS/NATURALEZA/ARBOL_BOSQUE_8.prefab
  artifactKey: Guid(baca21aeaf35e634fb3a5ef1d0812ed7) Importer(815301076,1909f56bfc062723c751e8b465ee728b)
Start importing Assets/OTDB/PREFABS/NATURALEZA/ARBOL_BOSQUE_8.prefab using Guid(baca21aeaf35e634fb3a5ef1d0812ed7) Importer(815301076,1909f56bfc062723c751e8b465ee728b)  -> (artifact id: 'f2307fe6ea43d2d348133eea08181419') in 0.010021 seconds 
  Import took 0.023142 seconds .

========================================================================
Received Import Request.
  Time since last request: 0.984949 seconds.
  path: Assets/OTDB/PREFABS/NATURALEZA/ARBOL_BOSQUE_8.prefab
  artifactKey: Guid(baca21aeaf35e634fb3a5ef1d0812ed7) Importer(815301076,1909f56bfc062723c751e8b465ee728b)
Start importing Assets/OTDB/PREFABS/NATURALEZA/ARBOL_BOSQUE_8.prefab using Guid(baca21aeaf35e634fb3a5ef1d0812ed7) Importer(815301076,1909f56bfc062723c751e8b465ee728b)  -> (artifact id: '6e4dc13236b9c6e9e7e9bdd2fda3f3d3') in 0.010585 seconds 
  Import took 0.016265 seconds .

========================================================================
Received Import Request.
  Time since last request: 2.634236 seconds.
  path: Assets/OTDB/PREFABS/NATURALEZA/ARBOL_BOSQUE_8.prefab
  artifactKey: Guid(baca21aeaf35e634fb3a5ef1d0812ed7) Importer(815301076,1909f56bfc062723c751e8b465ee728b)
Start importing Assets/OTDB/PREFABS/NATURALEZA/ARBOL_BOSQUE_8.prefab using Guid(baca21aeaf35e634fb3a5ef1d0812ed7) Importer(815301076,1909f56bfc062723c751e8b465ee728b)  -> (artifact id: '68fc86db3942092462a4a6a2f13f9d04') in 0.010001 seconds 
  Import took 0.016398 seconds .

========================================================================
Received Import Request.
  Time since last request: 1.822487 seconds.
  path: Assets/OTDB/PREFABS/NATURALEZA/ARBOL_BOSQUE_8.prefab
  artifactKey: Guid(baca21aeaf35e634fb3a5ef1d0812ed7) Importer(815301076,1909f56bfc062723c751e8b465ee728b)
Start importing Assets/OTDB/PREFABS/NATURALEZA/ARBOL_BOSQUE_8.prefab using Guid(baca21aeaf35e634fb3a5ef1d0812ed7) Importer(815301076,1909f56bfc062723c751e8b465ee728b)  -> (artifact id: '1f69c5978ba34a030ba7f489d58f5922') in 0.010131 seconds 
  Import took 0.018374 seconds .

========================================================================
Received Import Request.
  Time since last request: 0.996153 seconds.
  path: Assets/OTDB/PREFABS/NATURALEZA/ARBOL_BOSQUE_8.prefab
  artifactKey: Guid(baca21aeaf35e634fb3a5ef1d0812ed7) Importer(815301076,1909f56bfc062723c751e8b465ee728b)
Start importing Assets/OTDB/PREFABS/NATURALEZA/ARBOL_BOSQUE_8.prefab using Guid(baca21aeaf35e634fb3a5ef1d0812ed7) Importer(815301076,1909f56bfc062723c751e8b465ee728b)  -> (artifact id: '79c58589847be1962731ea4faa5fa8cb') in 0.010614 seconds 
  Import took 0.016190 seconds .

========================================================================
Received Import Request.
  Time since last request: 0.989142 seconds.
  path: Assets/OTDB/PREFABS/NATURALEZA/ARBOL_BOSQUE_8.prefab
  artifactKey: Guid(baca21aeaf35e634fb3a5ef1d0812ed7) Importer(815301076,1909f56bfc062723c751e8b465ee728b)
Start importing Assets/OTDB/PREFABS/NATURALEZA/ARBOL_BOSQUE_8.prefab using Guid(baca21aeaf35e634fb3a5ef1d0812ed7) Importer(815301076,1909f56bfc062723c751e8b465ee728b)  -> (artifact id: '35817a28a8fe9833dfa527d0a0723061') in 0.010092 seconds 
  Import took 0.020300 seconds .

========================================================================
Received Import Request.
  Time since last request: 6.487865 seconds.
  path: Assets/OTDB/PREFABS/NATURALEZA/ARBOL_BOSQUE_8.prefab
  artifactKey: Guid(baca21aeaf35e634fb3a5ef1d0812ed7) Importer(815301076,1909f56bfc062723c751e8b465ee728b)
Start importing Assets/OTDB/PREFABS/NATURALEZA/ARBOL_BOSQUE_8.prefab using Guid(baca21aeaf35e634fb3a5ef1d0812ed7) Importer(815301076,1909f56bfc062723c751e8b465ee728b)  -> (artifact id: '6a1ff23f259c3d941deb1e93612dd350') in 0.009800 seconds 
  Import took 0.023386 seconds .

========================================================================
Received Import Request.
  Time since last request: 2.051487 seconds.
  path: Assets/OTDB/PREFABS/NATURALEZA/ARBOL_BOSQUE_8.prefab
  artifactKey: Guid(baca21aeaf35e634fb3a5ef1d0812ed7) Importer(815301076,1909f56bfc062723c751e8b465ee728b)
Start importing Assets/OTDB/PREFABS/NATURALEZA/ARBOL_BOSQUE_8.prefab using Guid(baca21aeaf35e634fb3a5ef1d0812ed7) Importer(815301076,1909f56bfc062723c751e8b465ee728b)  -> (artifact id: 'd4640fbdaa96a273aae9e7aeb445d8da') in 0.010573 seconds 
  Import took 0.016802 seconds .

========================================================================
Received Import Request.
  Time since last request: 1.348134 seconds.
  path: Assets/OTDB/PREFABS/NATURALEZA/ARBOL_BOSQUE_8.prefab
  artifactKey: Guid(baca21aeaf35e634fb3a5ef1d0812ed7) Importer(815301076,1909f56bfc062723c751e8b465ee728b)
Start importing Assets/OTDB/PREFABS/NATURALEZA/ARBOL_BOSQUE_8.prefab using Guid(baca21aeaf35e634fb3a5ef1d0812ed7) Importer(815301076,1909f56bfc062723c751e8b465ee728b)  -> (artifact id: '52ed1ac75aacc029098b80326647c736') in 0.010099 seconds 
  Import took 0.047225 seconds .

========================================================================
Received Import Request.
  Time since last request: 0.968222 seconds.
  path: Assets/OTDB/PREFABS/NATURALEZA/ARBOL_BOSQUE_8.prefab
  artifactKey: Guid(baca21aeaf35e634fb3a5ef1d0812ed7) Importer(815301076,1909f56bfc062723c751e8b465ee728b)
Start importing Assets/OTDB/PREFABS/NATURALEZA/ARBOL_BOSQUE_8.prefab using Guid(baca21aeaf35e634fb3a5ef1d0812ed7) Importer(815301076,1909f56bfc062723c751e8b465ee728b)  -> (artifact id: '9dce5e086b1b8bdc84590f17f39b7140') in 0.010318 seconds 
  Import took 0.016061 seconds .

========================================================================
Received Import Request.
  Time since last request: 1.809251 seconds.
  path: Assets/OTDB/PREFABS/NATURALEZA/ARBOL_BOSQUE_8.prefab
  artifactKey: Guid(baca21aeaf35e634fb3a5ef1d0812ed7) Importer(815301076,1909f56bfc062723c751e8b465ee728b)
Start importing Assets/OTDB/PREFABS/NATURALEZA/ARBOL_BOSQUE_8.prefab using Guid(baca21aeaf35e634fb3a5ef1d0812ed7) Importer(815301076,1909f56bfc062723c751e8b465ee728b)  -> (artifact id: '14d3bef582e1787950bd6a4692f3a6bf') in 0.009912 seconds 
  Import took 0.015795 seconds .

========================================================================
Received Import Request.
  Time since last request: 7.367491 seconds.
  path: Assets/OTDB/PREFABS/NATURALEZA/ARBOL_BOSQUE_8.prefab
  artifactKey: Guid(baca21aeaf35e634fb3a5ef1d0812ed7) Importer(815301076,1909f56bfc062723c751e8b465ee728b)
Start importing Assets/OTDB/PREFABS/NATURALEZA/ARBOL_BOSQUE_8.prefab using Guid(baca21aeaf35e634fb3a5ef1d0812ed7) Importer(815301076,1909f56bfc062723c751e8b465ee728b)  -> (artifact id: 'afb198b4a39dcba584f53752d7298f79') in 0.009137 seconds 
  Import took 0.016131 seconds .

========================================================================
Received Import Request.
  Time since last request: 2.007367 seconds.
  path: Assets/OTDB/PREFABS/NATURALEZA/ARBOL_BOSQUE_8.prefab
  artifactKey: Guid(baca21aeaf35e634fb3a5ef1d0812ed7) Importer(815301076,1909f56bfc062723c751e8b465ee728b)
Start importing Assets/OTDB/PREFABS/NATURALEZA/ARBOL_BOSQUE_8.prefab using Guid(baca21aeaf35e634fb3a5ef1d0812ed7) Importer(815301076,1909f56bfc062723c751e8b465ee728b)  -> (artifact id: 'c6ca5340cbff3464672ec8378777249c') in 0.010939 seconds 
  Import took 0.027931 seconds .

========================================================================
Received Import Request.
  Time since last request: 5.086927 seconds.
  path: Assets/OTDB/PREFABS/NATURALEZA/ARBOL_BOSQUE_8.prefab
  artifactKey: Guid(baca21aeaf35e634fb3a5ef1d0812ed7) Importer(815301076,1909f56bfc062723c751e8b465ee728b)
Start importing Assets/OTDB/PREFABS/NATURALEZA/ARBOL_BOSQUE_8.prefab using Guid(baca21aeaf35e634fb3a5ef1d0812ed7) Importer(815301076,1909f56bfc062723c751e8b465ee728b)  -> (artifact id: '95c28b75f6ab335c9b8122f0731a9f6c') in 0.010100 seconds 
  Import took 0.015547 seconds .

========================================================================
Received Import Request.
  Time since last request: 6.024097 seconds.
  path: Assets/OTDB/PREFABS/NATURALEZA/ARBOL_BOSQUE_8.prefab
  artifactKey: Guid(baca21aeaf35e634fb3a5ef1d0812ed7) Importer(815301076,1909f56bfc062723c751e8b465ee728b)
Start importing Assets/OTDB/PREFABS/NATURALEZA/ARBOL_BOSQUE_8.prefab using Guid(baca21aeaf35e634fb3a5ef1d0812ed7) Importer(815301076,1909f56bfc062723c751e8b465ee728b)  -> (artifact id: '87894a0b0f017c0481cb33aee6edaccf') in 0.009843 seconds 
  Import took 0.016015 seconds .

========================================================================
Received Import Request.
  Time since last request: 1.022335 seconds.
  path: Assets/OTDB/PREFABS/NATURALEZA/ARBOL_BOSQUE_8.prefab
  artifactKey: Guid(baca21aeaf35e634fb3a5ef1d0812ed7) Importer(815301076,1909f56bfc062723c751e8b465ee728b)
Start importing Assets/OTDB/PREFABS/NATURALEZA/ARBOL_BOSQUE_8.prefab using Guid(baca21aeaf35e634fb3a5ef1d0812ed7) Importer(815301076,1909f56bfc062723c751e8b465ee728b)  -> (artifact id: '344e987ec5811df0d9429452e653efcc') in 0.010130 seconds 
  Import took 0.016437 seconds .

========================================================================
Received Import Request.
  Time since last request: 1.405294 seconds.
  path: Assets/OTDB/PREFABS/NATURALEZA/ARBOL_BOSQUE_8.prefab
  artifactKey: Guid(baca21aeaf35e634fb3a5ef1d0812ed7) Importer(815301076,1909f56bfc062723c751e8b465ee728b)
Start importing Assets/OTDB/PREFABS/NATURALEZA/ARBOL_BOSQUE_8.prefab using Guid(baca21aeaf35e634fb3a5ef1d0812ed7) Importer(815301076,1909f56bfc062723c751e8b465ee728b)  -> (artifact id: '7d6f59e984b87157ecc14e76e793165d') in 0.009722 seconds 
  Import took 0.020891 seconds .

========================================================================
Received Import Request.
  Time since last request: 6.588876 seconds.
  path: Assets/OTDB/PREFABS/NATURALEZA/ARBOL_BOSQUE_8.prefab
  artifactKey: Guid(baca21aeaf35e634fb3a5ef1d0812ed7) Importer(815301076,1909f56bfc062723c751e8b465ee728b)
Start importing Assets/OTDB/PREFABS/NATURALEZA/ARBOL_BOSQUE_8.prefab using Guid(baca21aeaf35e634fb3a5ef1d0812ed7) Importer(815301076,1909f56bfc062723c751e8b465ee728b)  -> (artifact id: '1d2d3af0d3222c9ba45ee0449e2c65fe') in 0.009775 seconds 
  Import took 0.021500 seconds .

========================================================================
Received Import Request.
  Time since last request: 2.635171 seconds.
  path: Assets/OTDB/PREFABS/NATURALEZA/ARBOL_BOSQUE_8.prefab
  artifactKey: Guid(baca21aeaf35e634fb3a5ef1d0812ed7) Importer(815301076,1909f56bfc062723c751e8b465ee728b)
Start importing Assets/OTDB/PREFABS/NATURALEZA/ARBOL_BOSQUE_8.prefab using Guid(baca21aeaf35e634fb3a5ef1d0812ed7) Importer(815301076,1909f56bfc062723c751e8b465ee728b)  -> (artifact id: '051424c3fb8d3f6f23ecf071b4639ce3') in 0.009935 seconds 
  Import took 0.025976 seconds .

========================================================================
Received Import Request.
  Time since last request: 1.597118 seconds.
  path: Assets/OTDB/PREFABS/NATURALEZA/ARBOL_BOSQUE_8.prefab
  artifactKey: Guid(baca21aeaf35e634fb3a5ef1d0812ed7) Importer(815301076,1909f56bfc062723c751e8b465ee728b)
Start importing Assets/OTDB/PREFABS/NATURALEZA/ARBOL_BOSQUE_8.prefab using Guid(baca21aeaf35e634fb3a5ef1d0812ed7) Importer(815301076,1909f56bfc062723c751e8b465ee728b)  -> (artifact id: '9c3ca4ba0b380e1cbebbd18860426b47') in 0.009965 seconds 
  Import took 0.016457 seconds .

========================================================================
Received Prepare
Registering precompiled user dll's ...
Registered in 0.002597 seconds.
Begin MonoManager ReloadAssembly
Native extension for WindowsStandalone target not found
Refreshing native plugins compatible for Editor in 0.60 ms, found 2 plugins.
Preloading 0 native plugins for Editor in 0.00 ms.
Mono: successfully reloaded assembly
- Completed reload, in  1.146 seconds
Domain Reload Profiling:
	ReloadAssembly (1146ms)
		BeginReloadAssembly (140ms)
			ExecutionOrderSort (0ms)
			DisableScriptedObjects (7ms)
			BackupInstance (0ms)
			ReleaseScriptingObjects (0ms)
			CreateAndSetChildDomain (41ms)
		EndReloadAssembly (941ms)
			LoadAssemblies (89ms)
			RebuildTransferFunctionScriptingTraits (0ms)
			SetupTypeCache (326ms)
			ReleaseScriptCaches (1ms)
			RebuildScriptCaches (47ms)
			SetupLoadedEditorAssemblies (328ms)
				LogAssemblyErrors (0ms)
				InitializePlatformSupportModulesInManaged (4ms)
				SetLoadedEditorAssemblies (0ms)
				RefreshPlugins (1ms)
				BeforeProcessingInitializeOnLoad (64ms)
				ProcessInitializeOnLoadAttributes (248ms)
				ProcessInitializeOnLoadMethodAttributes (4ms)
				AfterProcessingInitializeOnLoad (6ms)
				EditorAssembliesLoaded (0ms)
			ExecutionOrderSort2 (0ms)
			AwakeInstancesAfterBackupRestoration (19ms)
Platform modules already initialized, skipping
Refreshing native plugins compatible for Editor in 0.83 ms, found 2 plugins.
Preloading 0 native plugins for Editor in 0.00 ms.
Unloading 2890 Unused Serialized files (Serialized files now loaded: 0)
System memory in use before: 138.1 MB.
System memory in use after: 138.4 MB.

Unloading 14 unused Assets to reduce memory usage. Loaded Objects now: 3541.
Total: 4.102400 ms (FindLiveObjects: 0.270600 ms CreateObjectMapping: 0.143600 ms MarkObjects: 3.656400 ms  DeleteObjects: 0.030800 ms)

AssetImportParameters requested are different than current active one (requested -> active):
  custom:framework-win-MediaFoundation: 216162199b28c13a410421893ffa2e32 -> 
  custom:video-decoder-ogg-theora: a1e56fd34408186e4bbccfd4996cb3dc -> 
  custom:container-muxer-webm: aa71ff27fc2769a1b78a27578f13a17b -> 
  custom:container-demuxer-webm: 4f35f7cbe854078d1ac9338744f61a02 -> 
  custom:container-demuxer-ogg: 62fdf1f143b41e24485cea50d1cbac27 -> 
  custom:video-encoder-webm-vp8: eb34c28f22e8b96e1ab97ce403110664 -> 
  custom:video-decoder-webm-vp8: 9c59270c3fd7afecdb556c50c9e8de78 -> 
  custom:audio-decoder-ogg-vorbis: bf7c407c2cedff20999df2af8eb42d56 -> 
  custom:audio-encoder-webm-vorbis: bf7c407c2cedff20999df2af8eb42d56 -> 
========================================================================
Received Import Request.
  Time since last request: 15.489116 seconds.
  path: Assets/OTDB/PREFABS/NATURALEZA/ARBOL_BOSQUE_8.prefab
  artifactKey: Guid(baca21aeaf35e634fb3a5ef1d0812ed7) Importer(815301076,1909f56bfc062723c751e8b465ee728b)
Start importing Assets/OTDB/PREFABS/NATURALEZA/ARBOL_BOSQUE_8.prefab using Guid(baca21aeaf35e634fb3a5ef1d0812ed7) Importer(815301076,1909f56bfc062723c751e8b465ee728b)  -> (artifact id: 'fa73af95a4582112881136ba8a4e7ae8') in 0.169001 seconds 
  Import took 0.181685 seconds .

========================================================================
Received Import Request.
  Time since last request: 20.332544 seconds.
  path: Assets/OTDB/PREFABS/NATURALEZA/ARBOL_2 1.prefab
  artifactKey: Guid(6d4b5a763f411924b827e3f10663376d) Importer(815301076,1909f56bfc062723c751e8b465ee728b)
Start importing Assets/OTDB/PREFABS/NATURALEZA/ARBOL_2 1.prefab using Guid(6d4b5a763f411924b827e3f10663376d) Importer(815301076,1909f56bfc062723c751e8b465ee728b)  -> (artifact id: 'a23754c31c8e068bd99a2a22346ec281') in 0.010194 seconds 
  Import took 0.020638 seconds .

========================================================================
Received Import Request.
  Time since last request: 3.885877 seconds.
  path: Assets/OTDB/PREFABS/NATURALEZA/ARBOL_3.prefab
  artifactKey: Guid(6d4b5a763f411924b827e3f10663376d) Importer(815301076,1909f56bfc062723c751e8b465ee728b)
Start importing Assets/OTDB/PREFABS/NATURALEZA/ARBOL_3.prefab using Guid(6d4b5a763f411924b827e3f10663376d) Importer(815301076,1909f56bfc062723c751e8b465ee728b)  -> (artifact id: '6e6da0e53b2253ecae2e9e0706278b6a') in 0.008350 seconds 
  Import took 0.014698 seconds .

========================================================================
Received Import Request.
  Time since last request: 4.541285 seconds.
  path: Assets/OTDB/PREFABS/NATURALEZA/ARBOL_3.prefab
  artifactKey: Guid(6d4b5a763f411924b827e3f10663376d) Importer(815301076,1909f56bfc062723c751e8b465ee728b)
Start importing Assets/OTDB/PREFABS/NATURALEZA/ARBOL_3.prefab using Guid(6d4b5a763f411924b827e3f10663376d) Importer(815301076,1909f56bfc062723c751e8b465ee728b)  -> (artifact id: '4cc3212876520e5b8d70cd7c0cb6c244') in 0.009365 seconds 
  Import took 0.015430 seconds .

========================================================================
Received Prepare
Registering precompiled user dll's ...
Registered in 0.004734 seconds.
Begin MonoManager ReloadAssembly
Native extension for WindowsStandalone target not found
Refreshing native plugins compatible for Editor in 0.64 ms, found 2 plugins.
Preloading 0 native plugins for Editor in 0.00 ms.
Mono: successfully reloaded assembly
- Completed reload, in  1.199 seconds
Domain Reload Profiling:
	ReloadAssembly (1199ms)
		BeginReloadAssembly (127ms)
			ExecutionOrderSort (0ms)
			DisableScriptedObjects (7ms)
			BackupInstance (0ms)
			ReleaseScriptingObjects (0ms)
			CreateAndSetChildDomain (43ms)
		EndReloadAssembly (1004ms)
			LoadAssemblies (95ms)
			RebuildTransferFunctionScriptingTraits (0ms)
			SetupTypeCache (339ms)
			ReleaseScriptCaches (1ms)
			RebuildScriptCaches (50ms)
			SetupLoadedEditorAssemblies (352ms)
				LogAssemblyErrors (0ms)
				InitializePlatformSupportModulesInManaged (5ms)
				SetLoadedEditorAssemblies (0ms)
				RefreshPlugins (1ms)
				BeforeProcessingInitializeOnLoad (68ms)
				ProcessInitializeOnLoadAttributes (267ms)
				ProcessInitializeOnLoadMethodAttributes (4ms)
				AfterProcessingInitializeOnLoad (7ms)
				EditorAssembliesLoaded (0ms)
			ExecutionOrderSort2 (0ms)
			AwakeInstancesAfterBackupRestoration (20ms)
Platform modules already initialized, skipping
Refreshing native plugins compatible for Editor in 0.61 ms, found 2 plugins.
Preloading 0 native plugins for Editor in 0.00 ms.
Unloading 2890 Unused Serialized files (Serialized files now loaded: 0)
System memory in use before: 138.3 MB.
System memory in use after: 138.6 MB.

Unloading 14 unused Assets to reduce memory usage. Loaded Objects now: 3579.
Total: 3.535400 ms (FindLiveObjects: 0.291900 ms CreateObjectMapping: 0.164400 ms MarkObjects: 3.023200 ms  DeleteObjects: 0.054600 ms)

AssetImportParameters requested are different than current active one (requested -> active):
  custom:framework-win-MediaFoundation: 216162199b28c13a410421893ffa2e32 -> 
  custom:video-decoder-ogg-theora: a1e56fd34408186e4bbccfd4996cb3dc -> 
  custom:container-muxer-webm: aa71ff27fc2769a1b78a27578f13a17b -> 
  custom:container-demuxer-webm: 4f35f7cbe854078d1ac9338744f61a02 -> 
  custom:container-demuxer-ogg: 62fdf1f143b41e24485cea50d1cbac27 -> 
  custom:video-encoder-webm-vp8: eb34c28f22e8b96e1ab97ce403110664 -> 
  custom:video-decoder-webm-vp8: 9c59270c3fd7afecdb556c50c9e8de78 -> 
  custom:audio-decoder-ogg-vorbis: bf7c407c2cedff20999df2af8eb42d56 -> 
  custom:audio-encoder-webm-vorbis: bf7c407c2cedff20999df2af8eb42d56 -> 
========================================================================
Received Import Request.
  Time since last request: 668.662327 seconds.
  path: Assets/OTDB/MUSICA/S_AVION_1.mp3
  artifactKey: Guid(06c9901c92e89e6418b9ad5e22561681) Importer(815301076,1909f56bfc062723c751e8b465ee728b)
Start importing Assets/OTDB/MUSICA/S_AVION_1.mp3 using Guid(06c9901c92e89e6418b9ad5e22561681) Importer(815301076,1909f56bfc062723c751e8b465ee728b)  -> (artifact id: '8e871e2acfa53f23a5cdafc418d84118') in 0.062771 seconds 
  Import took 0.078814 seconds .

========================================================================
Received Import Request.
  Time since last request: 0.000319 seconds.
  path: Assets/OTDB/MUSICA/S_FUEGO_1.mp3
  artifactKey: Guid(81b5a0c9406a6604089a6d61a359ea1d) Importer(815301076,1909f56bfc062723c751e8b465ee728b)
Start importing Assets/OTDB/MUSICA/S_FUEGO_1.mp3 using Guid(81b5a0c9406a6604089a6d61a359ea1d) Importer(815301076,1909f56bfc062723c751e8b465ee728b)  -> (artifact id: 'f4373155b6ea49805a112a5512b72f64') in 0.006598 seconds 
  Import took 0.014102 seconds .

========================================================================
Received Import Request.
  Time since last request: 20.547357 seconds.
  path: Assets/OTDB/MUSICA/S_BALISTA.mp3
  artifactKey: Guid(e1cf9abb230a8974a9445072118b2d19) Importer(815301076,1909f56bfc062723c751e8b465ee728b)
Start importing Assets/OTDB/MUSICA/S_BALISTA.mp3 using Guid(e1cf9abb230a8974a9445072118b2d19) Importer(815301076,1909f56bfc062723c751e8b465ee728b)  -> (artifact id: '1dfa0ca7b982faea4e4e5893697525bd') in 0.008452 seconds 
  Import took 0.027285 seconds .

========================================================================
Received Prepare
Registering precompiled user dll's ...
Registered in 0.003126 seconds.
Begin MonoManager ReloadAssembly
Native extension for WindowsStandalone target not found
Refreshing native plugins compatible for Editor in 0.61 ms, found 2 plugins.
Preloading 0 native plugins for Editor in 0.00 ms.
Mono: successfully reloaded assembly
- Completed reload, in  1.161 seconds
Domain Reload Profiling:
	ReloadAssembly (1161ms)
		BeginReloadAssembly (122ms)
			ExecutionOrderSort (0ms)
			DisableScriptedObjects (5ms)
			BackupInstance (0ms)
			ReleaseScriptingObjects (0ms)
			CreateAndSetChildDomain (39ms)
		EndReloadAssembly (974ms)
			LoadAssemblies (94ms)
			RebuildTransferFunctionScriptingTraits (0ms)
			SetupTypeCache (344ms)
			ReleaseScriptCaches (1ms)
			RebuildScriptCaches (50ms)
			SetupLoadedEditorAssemblies (331ms)
				LogAssemblyErrors (0ms)
				InitializePlatformSupportModulesInManaged (5ms)
				SetLoadedEditorAssemblies (1ms)
				RefreshPlugins (1ms)
				BeforeProcessingInitializeOnLoad (65ms)
				ProcessInitializeOnLoadAttributes (247ms)
				ProcessInitializeOnLoadMethodAttributes (4ms)
				AfterProcessingInitializeOnLoad (8ms)
				EditorAssembliesLoaded (0ms)
			ExecutionOrderSort2 (0ms)
			AwakeInstancesAfterBackupRestoration (19ms)
Platform modules already initialized, skipping
Refreshing native plugins compatible for Editor in 0.63 ms, found 2 plugins.
Preloading 0 native plugins for Editor in 0.00 ms.
Unloading 2890 Unused Serialized files (Serialized files now loaded: 0)
System memory in use before: 138.4 MB.
System memory in use after: 138.6 MB.

Unloading 14 unused Assets to reduce memory usage. Loaded Objects now: 3584.
Total: 4.037300 ms (FindLiveObjects: 0.335900 ms CreateObjectMapping: 0.160400 ms MarkObjects: 3.515600 ms  DeleteObjects: 0.023800 ms)

AssetImportParameters requested are different than current active one (requested -> active):
  custom:framework-win-MediaFoundation: 216162199b28c13a410421893ffa2e32 -> 
  custom:video-decoder-ogg-theora: a1e56fd34408186e4bbccfd4996cb3dc -> 
  custom:container-muxer-webm: aa71ff27fc2769a1b78a27578f13a17b -> 
  custom:container-demuxer-webm: 4f35f7cbe854078d1ac9338744f61a02 -> 
  custom:container-demuxer-ogg: 62fdf1f143b41e24485cea50d1cbac27 -> 
  custom:video-encoder-webm-vp8: eb34c28f22e8b96e1ab97ce403110664 -> 
  custom:video-decoder-webm-vp8: 9c59270c3fd7afecdb556c50c9e8de78 -> 
  custom:audio-decoder-ogg-vorbis: bf7c407c2cedff20999df2af8eb42d56 -> 
  custom:audio-encoder-webm-vorbis: bf7c407c2cedff20999df2af8eb42d56 -> 
========================================================================
Received Import Request.
  Time since last request: 2822.909959 seconds.
  path: Assets/OTDB/OBJs/PERSONAJES/AVION_ROTO.fbx
  artifactKey: Guid(d86233d175b8afa4587bb22830caf7a4) Importer(815301076,1909f56bfc062723c751e8b465ee728b)
Start importing Assets/OTDB/OBJs/PERSONAJES/AVION_ROTO.fbx using Guid(d86233d175b8afa4587bb22830caf7a4) Importer(815301076,1909f56bfc062723c751e8b465ee728b)  -> (artifact id: '2c11b13af71c47a0d7792bf52034ea91') in 0.465438 seconds 
  Import took 0.486972 seconds .

========================================================================
Received Import Request.
  Time since last request: 0.000179 seconds.
  path: Assets/OTDB/OBJs/PERSONAJES/ELICE_ROTA_1.fbx
  artifactKey: Guid(0880df79ae618f74fa8a6d01e7cb76c6) Importer(815301076,1909f56bfc062723c751e8b465ee728b)
Start importing Assets/OTDB/OBJs/PERSONAJES/ELICE_ROTA_1.fbx using Guid(0880df79ae618f74fa8a6d01e7cb76c6) Importer(815301076,1909f56bfc062723c751e8b465ee728b)  -> (artifact id: 'd601400c19a4c94cc8551a9ef1fe171d') in 0.056244 seconds 
  Import took 0.063997 seconds .

========================================================================
Received Import Request.
  Time since last request: 179.254494 seconds.
  path: Assets/OTDB/PREFABS/PERSONAJES/ELICE_ROTA_1.prefab
  artifactKey: Guid(fe9fdcd5d4212ae4cba322cb09893924) Importer(815301076,1909f56bfc062723c751e8b465ee728b)
Start importing Assets/OTDB/PREFABS/PERSONAJES/ELICE_ROTA_1.prefab using Guid(fe9fdcd5d4212ae4cba322cb09893924) Importer(815301076,1909f56bfc062723c751e8b465ee728b)  -> (artifact id: '384f7921a51a6aeb690a5f074d68b1b1') in 0.011465 seconds 
  Import took 0.018341 seconds .

========================================================================
Received Import Request.
  Time since last request: 2.421552 seconds.
  path: Assets/OTDB/PREFABS/PERSONAJES/AVION_ROTO.prefab
  artifactKey: Guid(6ce7c2250905c1040b00bc484937aa38) Importer(815301076,1909f56bfc062723c751e8b465ee728b)
Start importing Assets/OTDB/PREFABS/PERSONAJES/AVION_ROTO.prefab using Guid(6ce7c2250905c1040b00bc484937aa38) Importer(815301076,1909f56bfc062723c751e8b465ee728b)  -> (artifact id: 'b23d0468a25eab25fa1bd7503129a1cd') in 0.010986 seconds 
  Import took 0.019396 seconds .

========================================================================
Received Import Request.
  Time since last request: 6.468051 seconds.
  path: Assets/OTDB/DERROTA.unity
  artifactKey: Guid(135113d5c587089449d5a746f864d71b) Importer(815301076,1909f56bfc062723c751e8b465ee728b)
Start importing Assets/OTDB/DERROTA.unity using Guid(135113d5c587089449d5a746f864d71b) Importer(815301076,1909f56bfc062723c751e8b465ee728b)  -> (artifact id: '4b32f91d9b7236df9b39cbe942268664') in 0.001451 seconds 
  Import took 0.020592 seconds .

========================================================================
Received Import Request.
  Time since last request: 288.556992 seconds.
  path: Assets/OTDB/VIDEOJUEGO.unity
  artifactKey: Guid(b8b745b64f3ea7647935864b109c67a9) Importer(815301076,1909f56bfc062723c751e8b465ee728b)
Start importing Assets/OTDB/VIDEOJUEGO.unity using Guid(b8b745b64f3ea7647935864b109c67a9) Importer(815301076,1909f56bfc062723c751e8b465ee728b)  -> (artifact id: '9c014f799ae67e7ff11b0a68835ff00c') in 0.001811 seconds 
  Import took 0.020549 seconds .

========================================================================
Received Prepare
Registering precompiled user dll's ...
Registered in 0.002587 seconds.
Begin MonoManager ReloadAssembly
Native extension for WindowsStandalone target not found
Refreshing native plugins compatible for Editor in 0.61 ms, found 2 plugins.
Preloading 0 native plugins for Editor in 0.00 ms.
Mono: successfully reloaded assembly
- Completed reload, in  1.191 seconds
Domain Reload Profiling:
	ReloadAssembly (1191ms)
		BeginReloadAssembly (124ms)
			ExecutionOrderSort (0ms)
			DisableScriptedObjects (7ms)
			BackupInstance (0ms)
			ReleaseScriptingObjects (0ms)
			CreateAndSetChildDomain (41ms)
		EndReloadAssembly (995ms)
			LoadAssemblies (93ms)
			RebuildTransferFunctionScriptingTraits (0ms)
			SetupTypeCache (334ms)
			ReleaseScriptCaches (1ms)
			RebuildScriptCaches (66ms)
			SetupLoadedEditorAssemblies (337ms)
				LogAssemblyErrors (0ms)
				InitializePlatformSupportModulesInManaged (5ms)
				SetLoadedEditorAssemblies (1ms)
				RefreshPlugins (1ms)
				BeforeProcessingInitializeOnLoad (72ms)
				ProcessInitializeOnLoadAttributes (248ms)
				ProcessInitializeOnLoadMethodAttributes (4ms)
				AfterProcessingInitializeOnLoad (6ms)
				EditorAssembliesLoaded (0ms)
			ExecutionOrderSort2 (0ms)
			AwakeInstancesAfterBackupRestoration (20ms)
Platform modules already initialized, skipping
Refreshing native plugins compatible for Editor in 0.62 ms, found 2 plugins.
Preloading 0 native plugins for Editor in 0.00 ms.
Unloading 2890 Unused Serialized files (Serialized files now loaded: 0)
System memory in use before: 138.9 MB.
System memory in use after: 139.1 MB.

Unloading 14 unused Assets to reduce memory usage. Loaded Objects now: 3658.
Total: 3.774300 ms (FindLiveObjects: 0.321700 ms CreateObjectMapping: 0.172500 ms MarkObjects: 3.241700 ms  DeleteObjects: 0.037500 ms)

AssetImportParameters requested are different than current active one (requested -> active):
  custom:framework-win-MediaFoundation: 216162199b28c13a410421893ffa2e32 -> 
  custom:video-decoder-ogg-theora: a1e56fd34408186e4bbccfd4996cb3dc -> 
  custom:container-muxer-webm: aa71ff27fc2769a1b78a27578f13a17b -> 
  custom:container-demuxer-webm: 4f35f7cbe854078d1ac9338744f61a02 -> 
  custom:container-demuxer-ogg: 62fdf1f143b41e24485cea50d1cbac27 -> 
  custom:video-encoder-webm-vp8: eb34c28f22e8b96e1ab97ce403110664 -> 
  custom:video-decoder-webm-vp8: 9c59270c3fd7afecdb556c50c9e8de78 -> 
  custom:audio-decoder-ogg-vorbis: bf7c407c2cedff20999df2af8eb42d56 -> 
  custom:audio-encoder-webm-vorbis: bf7c407c2cedff20999df2af8eb42d56 -> 
========================================================================
Received Import Request.
  Time since last request: 28.755756 seconds.
  path: Assets/OTDB/DERROTA.unity
  artifactKey: Guid(135113d5c587089449d5a746f864d71b) Importer(815301076,1909f56bfc062723c751e8b465ee728b)
Start importing Assets/OTDB/DERROTA.unity using Guid(135113d5c587089449d5a746f864d71b) Importer(815301076,1909f56bfc062723c751e8b465ee728b)  -> (artifact id: 'c5f849a18387f109b50c888ac2da93ea') in 0.017458 seconds 
  Import took 0.044246 seconds .

========================================================================
Received Prepare
Registering precompiled user dll's ...
Registered in 0.002854 seconds.
Begin MonoManager ReloadAssembly
Native extension for WindowsStandalone target not found
Refreshing native plugins compatible for Editor in 0.60 ms, found 2 plugins.
Preloading 0 native plugins for Editor in 0.00 ms.
Mono: successfully reloaded assembly
- Completed reload, in  1.124 seconds
Domain Reload Profiling:
	ReloadAssembly (1125ms)
		BeginReloadAssembly (112ms)
			ExecutionOrderSort (0ms)
			DisableScriptedObjects (5ms)
			BackupInstance (0ms)
			ReleaseScriptingObjects (0ms)
			CreateAndSetChildDomain (37ms)
		EndReloadAssembly (949ms)
			LoadAssemblies (97ms)
			RebuildTransferFunctionScriptingTraits (0ms)
			SetupTypeCache (327ms)
			ReleaseScriptCaches (1ms)
			RebuildScriptCaches (48ms)
			SetupLoadedEditorAssemblies (321ms)
				LogAssemblyErrors (0ms)
				InitializePlatformSupportModulesInManaged (4ms)
				SetLoadedEditorAssemblies (0ms)
				RefreshPlugins (1ms)
				BeforeProcessingInitializeOnLoad (64ms)
				ProcessInitializeOnLoadAttributes (241ms)
				ProcessInitializeOnLoadMethodAttributes (4ms)
				AfterProcessingInitializeOnLoad (6ms)
				EditorAssembliesLoaded (0ms)
			ExecutionOrderSort2 (0ms)
			AwakeInstancesAfterBackupRestoration (19ms)
Platform modules already initialized, skipping
Refreshing native plugins compatible for Editor in 0.63 ms, found 2 plugins.
Preloading 0 native plugins for Editor in 0.00 ms.
Unloading 2890 Unused Serialized files (Serialized files now loaded: 0)
System memory in use before: 138.9 MB.
System memory in use after: 139.2 MB.

Unloading 14 unused Assets to reduce memory usage. Loaded Objects now: 3660.
Total: 3.971300 ms (FindLiveObjects: 0.293300 ms CreateObjectMapping: 0.164900 ms MarkObjects: 3.475500 ms  DeleteObjects: 0.036500 ms)

AssetImportParameters requested are different than current active one (requested -> active):
  custom:framework-win-MediaFoundation: 216162199b28c13a410421893ffa2e32 -> 
  custom:video-decoder-ogg-theora: a1e56fd34408186e4bbccfd4996cb3dc -> 
  custom:container-muxer-webm: aa71ff27fc2769a1b78a27578f13a17b -> 
  custom:container-demuxer-webm: 4f35f7cbe854078d1ac9338744f61a02 -> 
  custom:container-demuxer-ogg: 62fdf1f143b41e24485cea50d1cbac27 -> 
  custom:video-encoder-webm-vp8: eb34c28f22e8b96e1ab97ce403110664 -> 
  custom:video-decoder-webm-vp8: 9c59270c3fd7afecdb556c50c9e8de78 -> 
  custom:audio-decoder-ogg-vorbis: bf7c407c2cedff20999df2af8eb42d56 -> 
  custom:audio-encoder-webm-vorbis: bf7c407c2cedff20999df2af8eb42d56 -> 
========================================================================
Received Prepare
Registering precompiled user dll's ...
Registered in 0.002637 seconds.
Begin MonoManager ReloadAssembly
Native extension for WindowsStandalone target not found
Refreshing native plugins compatible for Editor in 0.62 ms, found 2 plugins.
Preloading 0 native plugins for Editor in 0.00 ms.
Mono: successfully reloaded assembly
- Completed reload, in  1.153 seconds
Domain Reload Profiling:
	ReloadAssembly (1153ms)
		BeginReloadAssembly (117ms)
			ExecutionOrderSort (0ms)
			DisableScriptedObjects (5ms)
			BackupInstance (0ms)
			ReleaseScriptingObjects (0ms)
			CreateAndSetChildDomain (34ms)
		EndReloadAssembly (967ms)
			LoadAssemblies (94ms)
			RebuildTransferFunctionScriptingTraits (0ms)
			SetupTypeCache (341ms)
			ReleaseScriptCaches (1ms)
			RebuildScriptCaches (55ms)
			SetupLoadedEditorAssemblies (325ms)
				LogAssemblyErrors (0ms)
				InitializePlatformSupportModulesInManaged (4ms)
				SetLoadedEditorAssemblies (0ms)
				RefreshPlugins (1ms)
				BeforeProcessingInitializeOnLoad (67ms)
				ProcessInitializeOnLoadAttributes (241ms)
				ProcessInitializeOnLoadMethodAttributes (4ms)
				AfterProcessingInitializeOnLoad (6ms)
				EditorAssembliesLoaded (0ms)
			ExecutionOrderSort2 (0ms)
			AwakeInstancesAfterBackupRestoration (18ms)
Platform modules already initialized, skipping
Refreshing native plugins compatible for Editor in 0.63 ms, found 2 plugins.
Preloading 0 native plugins for Editor in 0.00 ms.
Unloading 2890 Unused Serialized files (Serialized files now loaded: 0)
System memory in use before: 138.9 MB.
System memory in use after: 139.2 MB.

Unloading 14 unused Assets to reduce memory usage. Loaded Objects now: 3662.
Total: 3.587700 ms (FindLiveObjects: 0.312600 ms CreateObjectMapping: 0.172500 ms MarkObjects: 3.080300 ms  DeleteObjects: 0.020800 ms)

AssetImportParameters requested are different than current active one (requested -> active):
  custom:framework-win-MediaFoundation: 216162199b28c13a410421893ffa2e32 -> 
  custom:video-decoder-ogg-theora: a1e56fd34408186e4bbccfd4996cb3dc -> 
  custom:container-muxer-webm: aa71ff27fc2769a1b78a27578f13a17b -> 
  custom:container-demuxer-webm: 4f35f7cbe854078d1ac9338744f61a02 -> 
  custom:container-demuxer-ogg: 62fdf1f143b41e24485cea50d1cbac27 -> 
  custom:video-encoder-webm-vp8: eb34c28f22e8b96e1ab97ce403110664 -> 
  custom:video-decoder-webm-vp8: 9c59270c3fd7afecdb556c50c9e8de78 -> 
  custom:audio-decoder-ogg-vorbis: bf7c407c2cedff20999df2af8eb42d56 -> 
  custom:audio-encoder-webm-vorbis: bf7c407c2cedff20999df2af8eb42d56 -> 
========================================================================
Received Import Request.
  Time since last request: 125.649326 seconds.
  path: Assets/OTDB/SCRIPTS/ROTATE_OBJECT.cs
  artifactKey: Guid(3198304592c6c214d82ca24342153fc1) Importer(815301076,1909f56bfc062723c751e8b465ee728b)
Start importing Assets/OTDB/SCRIPTS/ROTATE_OBJECT.cs using Guid(3198304592c6c214d82ca24342153fc1) Importer(815301076,1909f56bfc062723c751e8b465ee728b)  -> (artifact id: '73ff35325f1b6d72b21374bd7134cc57') in 0.007121 seconds 
  Import took 0.057333 seconds .

========================================================================
Received Prepare
Registering precompiled user dll's ...
Registered in 0.002634 seconds.
Begin MonoManager ReloadAssembly
Native extension for WindowsStandalone target not found
Refreshing native plugins compatible for Editor in 0.60 ms, found 2 plugins.
Preloading 0 native plugins for Editor in 0.00 ms.
Mono: successfully reloaded assembly
- Completed reload, in  1.121 seconds
Domain Reload Profiling:
	ReloadAssembly (1121ms)
		BeginReloadAssembly (111ms)
			ExecutionOrderSort (0ms)
			DisableScriptedObjects (5ms)
			BackupInstance (0ms)
			ReleaseScriptingObjects (0ms)
			CreateAndSetChildDomain (37ms)
		EndReloadAssembly (942ms)
			LoadAssemblies (90ms)
			RebuildTransferFunctionScriptingTraits (0ms)
			SetupTypeCache (326ms)
			ReleaseScriptCaches (1ms)
			RebuildScriptCaches (51ms)
			SetupLoadedEditorAssemblies (323ms)
				LogAssemblyErrors (0ms)
				InitializePlatformSupportModulesInManaged (4ms)
				SetLoadedEditorAssemblies (1ms)
				RefreshPlugins (1ms)
				BeforeProcessingInitializeOnLoad (66ms)
				ProcessInitializeOnLoadAttributes (240ms)
				ProcessInitializeOnLoadMethodAttributes (4ms)
				AfterProcessingInitializeOnLoad (6ms)
				EditorAssembliesLoaded (0ms)
			ExecutionOrderSort2 (0ms)
			AwakeInstancesAfterBackupRestoration (17ms)
Platform modules already initialized, skipping
Refreshing native plugins compatible for Editor in 0.61 ms, found 2 plugins.
Preloading 0 native plugins for Editor in 0.00 ms.
Unloading 2890 Unused Serialized files (Serialized files now loaded: 0)
System memory in use before: 139.0 MB.
System memory in use after: 139.2 MB.

Unloading 14 unused Assets to reduce memory usage. Loaded Objects now: 3664.
Total: 3.801100 ms (FindLiveObjects: 0.309200 ms CreateObjectMapping: 0.170400 ms MarkObjects: 3.284100 ms  DeleteObjects: 0.036400 ms)

AssetImportParameters requested are different than current active one (requested -> active):
  custom:framework-win-MediaFoundation: 216162199b28c13a410421893ffa2e32 -> 
  custom:video-decoder-ogg-theora: a1e56fd34408186e4bbccfd4996cb3dc -> 
  custom:container-muxer-webm: aa71ff27fc2769a1b78a27578f13a17b -> 
  custom:container-demuxer-webm: 4f35f7cbe854078d1ac9338744f61a02 -> 
  custom:container-demuxer-ogg: 62fdf1f143b41e24485cea50d1cbac27 -> 
  custom:video-encoder-webm-vp8: eb34c28f22e8b96e1ab97ce403110664 -> 
  custom:video-decoder-webm-vp8: 9c59270c3fd7afecdb556c50c9e8de78 -> 
  custom:audio-decoder-ogg-vorbis: bf7c407c2cedff20999df2af8eb42d56 -> 
  custom:audio-encoder-webm-vorbis: bf7c407c2cedff20999df2af8eb42d56 -> 
========================================================================
Received Import Request.
  Time since last request: 24.444092 seconds.
  path: Assets/OTDB/SCRIPTS/ROTATE_ELICE_DERROTA
  artifactKey: Guid(effbc972bb5b031438703f2b8bcced7e) Importer(815301076,1909f56bfc062723c751e8b465ee728b)
Start importing Assets/OTDB/SCRIPTS/ROTATE_ELICE_DERROTA using Guid(effbc972bb5b031438703f2b8bcced7e) Importer(815301076,1909f56bfc062723c751e8b465ee728b)  -> (artifact id: '5d6a8f968091ec32a447c45bfcd212a3') in 0.004470 seconds 
  Import took 0.020066 seconds .

========================================================================
Received Import Request.
  Time since last request: 8.398149 seconds.
  path: Assets/OTDB/SCRIPTS/ROTATE_ELICE_DERROTA.cs
  artifactKey: Guid(d135a9461bf308c4a9aeec49f0e5e68a) Importer(815301076,1909f56bfc062723c751e8b465ee728b)
Start importing Assets/OTDB/SCRIPTS/ROTATE_ELICE_DERROTA.cs using Guid(d135a9461bf308c4a9aeec49f0e5e68a) Importer(815301076,1909f56bfc062723c751e8b465ee728b)  -> (artifact id: '3fce36f1d27e97c78de7556dd2a4b872') in 0.001073 seconds 
  Import took 0.013962 seconds .

========================================================================
Received Prepare
Registering precompiled user dll's ...
Registered in 0.003706 seconds.
Begin MonoManager ReloadAssembly
Native extension for WindowsStandalone target not found
Refreshing native plugins compatible for Editor in 0.61 ms, found 2 plugins.
Preloading 0 native plugins for Editor in 0.00 ms.
Mono: successfully reloaded assembly
- Completed reload, in  1.715 seconds
Domain Reload Profiling:
	ReloadAssembly (1715ms)
		BeginReloadAssembly (224ms)
			ExecutionOrderSort (0ms)
			DisableScriptedObjects (5ms)
			BackupInstance (0ms)
			ReleaseScriptingObjects (0ms)
			CreateAndSetChildDomain (96ms)
		EndReloadAssembly (1203ms)
			LoadAssemblies (169ms)
			RebuildTransferFunctionScriptingTraits (0ms)
			SetupTypeCache (387ms)
			ReleaseScriptCaches (1ms)
			RebuildScriptCaches (51ms)
			SetupLoadedEditorAssemblies (435ms)
				LogAssemblyErrors (0ms)
				InitializePlatformSupportModulesInManaged (4ms)
				SetLoadedEditorAssemblies (0ms)
				RefreshPlugins (1ms)
				BeforeProcessingInitializeOnLoad (68ms)
				ProcessInitializeOnLoadAttributes (348ms)
				ProcessInitializeOnLoadMethodAttributes (5ms)
				AfterProcessingInitializeOnLoad (7ms)
				EditorAssembliesLoaded (0ms)
			ExecutionOrderSort2 (0ms)
			AwakeInstancesAfterBackupRestoration (20ms)
Platform modules already initialized, skipping
Refreshing native plugins compatible for Editor in 0.64 ms, found 2 plugins.
Preloading 0 native plugins for Editor in 0.00 ms.
Unloading 2891 Unused Serialized files (Serialized files now loaded: 0)
System memory in use before: 139.0 MB.
System memory in use after: 139.2 MB.

Unloading 14 unused Assets to reduce memory usage. Loaded Objects now: 3667.
Total: 3.464300 ms (FindLiveObjects: 0.302300 ms CreateObjectMapping: 0.162000 ms MarkObjects: 2.980400 ms  DeleteObjects: 0.018200 ms)

AssetImportParameters requested are different than current active one (requested -> active):
  custom:framework-win-MediaFoundation: 216162199b28c13a410421893ffa2e32 -> 
  custom:video-decoder-ogg-theora: a1e56fd34408186e4bbccfd4996cb3dc -> 
  custom:container-muxer-webm: aa71ff27fc2769a1b78a27578f13a17b -> 
  custom:container-demuxer-webm: 4f35f7cbe854078d1ac9338744f61a02 -> 
  custom:container-demuxer-ogg: 62fdf1f143b41e24485cea50d1cbac27 -> 
  custom:video-encoder-webm-vp8: eb34c28f22e8b96e1ab97ce403110664 -> 
  custom:video-decoder-webm-vp8: 9c59270c3fd7afecdb556c50c9e8de78 -> 
  custom:audio-decoder-ogg-vorbis: bf7c407c2cedff20999df2af8eb42d56 -> 
  custom:audio-encoder-webm-vorbis: bf7c407c2cedff20999df2af8eb42d56 -> 
========================================================================
Received Import Request.
  Time since last request: 10.334866 seconds.
  path: Assets/OTDB/SCRIPTS/instantiate_offset.cs
  artifactKey: Guid(16411fcbbd3d1a1498fbc990bd0dc372) Importer(815301076,1909f56bfc062723c751e8b465ee728b)
Start importing Assets/OTDB/SCRIPTS/instantiate_offset.cs using Guid(16411fcbbd3d1a1498fbc990bd0dc372) Importer(815301076,1909f56bfc062723c751e8b465ee728b)  -> (artifact id: 'e9d348a37bdd556da0c75e3459bc5325') in 0.004780 seconds 
  Import took 0.017315 seconds .

========================================================================
Received Prepare
Registering precompiled user dll's ...
Registered in 0.002612 seconds.
Begin MonoManager ReloadAssembly
Native extension for WindowsStandalone target not found
Refreshing native plugins compatible for Editor in 0.60 ms, found 2 plugins.
Preloading 0 native plugins for Editor in 0.00 ms.
Mono: successfully reloaded assembly
- Completed reload, in  1.168 seconds
Domain Reload Profiling:
	ReloadAssembly (1169ms)
		BeginReloadAssembly (122ms)
			ExecutionOrderSort (0ms)
			DisableScriptedObjects (5ms)
			BackupInstance (0ms)
			ReleaseScriptingObjects (0ms)
			CreateAndSetChildDomain (32ms)
		EndReloadAssembly (981ms)
			LoadAssemblies (91ms)
			RebuildTransferFunctionScriptingTraits (0ms)
			SetupTypeCache (346ms)
			ReleaseScriptCaches (2ms)
			RebuildScriptCaches (54ms)
			SetupLoadedEditorAssemblies (332ms)
				LogAssemblyErrors (0ms)
				InitializePlatformSupportModulesInManaged (4ms)
				SetLoadedEditorAssemblies (0ms)
				RefreshPlugins (1ms)
				BeforeProcessingInitializeOnLoad (69ms)
				ProcessInitializeOnLoadAttributes (247ms)
				ProcessInitializeOnLoadMethodAttributes (4ms)
				AfterProcessingInitializeOnLoad (7ms)
				EditorAssembliesLoaded (0ms)
			ExecutionOrderSort2 (0ms)
			AwakeInstancesAfterBackupRestoration (18ms)
Platform modules already initialized, skipping
Refreshing native plugins compatible for Editor in 0.62 ms, found 2 plugins.
Preloading 0 native plugins for Editor in 0.00 ms.
Unloading 2891 Unused Serialized files (Serialized files now loaded: 0)
System memory in use before: 139.0 MB.
System memory in use after: 139.2 MB.

Unloading 14 unused Assets to reduce memory usage. Loaded Objects now: 3669.
Total: 4.498500 ms (FindLiveObjects: 0.292400 ms CreateObjectMapping: 0.161700 ms MarkObjects: 4.022300 ms  DeleteObjects: 0.020900 ms)

AssetImportParameters requested are different than current active one (requested -> active):
  custom:framework-win-MediaFoundation: 216162199b28c13a410421893ffa2e32 -> 
  custom:video-decoder-ogg-theora: a1e56fd34408186e4bbccfd4996cb3dc -> 
  custom:container-muxer-webm: aa71ff27fc2769a1b78a27578f13a17b -> 
  custom:container-demuxer-webm: 4f35f7cbe854078d1ac9338744f61a02 -> 
  custom:container-demuxer-ogg: 62fdf1f143b41e24485cea50d1cbac27 -> 
  custom:video-encoder-webm-vp8: eb34c28f22e8b96e1ab97ce403110664 -> 
  custom:video-decoder-webm-vp8: 9c59270c3fd7afecdb556c50c9e8de78 -> 
  custom:audio-decoder-ogg-vorbis: bf7c407c2cedff20999df2af8eb42d56 -> 
  custom:audio-encoder-webm-vorbis: bf7c407c2cedff20999df2af8eb42d56 -> 
========================================================================
Received Prepare
Registering precompiled user dll's ...
Registered in 0.003069 seconds.
Begin MonoManager ReloadAssembly
Native extension for WindowsStandalone target not found
Refreshing native plugins compatible for Editor in 0.60 ms, found 2 plugins.
Preloading 0 native plugins for Editor in 0.00 ms.
Mono: successfully reloaded assembly
- Completed reload, in  1.168 seconds
Domain Reload Profiling:
	ReloadAssembly (1168ms)
		BeginReloadAssembly (117ms)
			ExecutionOrderSort (0ms)
			DisableScriptedObjects (5ms)
			BackupInstance (0ms)
			ReleaseScriptingObjects (0ms)
			CreateAndSetChildDomain (32ms)
		EndReloadAssembly (986ms)
			LoadAssemblies (85ms)
			RebuildTransferFunctionScriptingTraits (0ms)
			SetupTypeCache (329ms)
			ReleaseScriptCaches (2ms)
			RebuildScriptCaches (57ms)
			SetupLoadedEditorAssemblies (358ms)
				LogAssemblyErrors (0ms)
				InitializePlatformSupportModulesInManaged (5ms)
				SetLoadedEditorAssemblies (0ms)
				RefreshPlugins (1ms)
				BeforeProcessingInitializeOnLoad (65ms)
				ProcessInitializeOnLoadAttributes (276ms)
				ProcessInitializeOnLoadMethodAttributes (5ms)
				AfterProcessingInitializeOnLoad (7ms)
				EditorAssembliesLoaded (0ms)
			ExecutionOrderSort2 (0ms)
			AwakeInstancesAfterBackupRestoration (19ms)
Platform modules already initialized, skipping
Refreshing native plugins compatible for Editor in 0.67 ms, found 2 plugins.
Preloading 0 native plugins for Editor in 0.00 ms.
Unloading 2891 Unused Serialized files (Serialized files now loaded: 0)
System memory in use before: 139.0 MB.
System memory in use after: 139.2 MB.

Unloading 14 unused Assets to reduce memory usage. Loaded Objects now: 3671.
Total: 3.800800 ms (FindLiveObjects: 0.332200 ms CreateObjectMapping: 0.164900 ms MarkObjects: 3.255500 ms  DeleteObjects: 0.047200 ms)

AssetImportParameters requested are different than current active one (requested -> active):
  custom:framework-win-MediaFoundation: 216162199b28c13a410421893ffa2e32 -> 
  custom:video-decoder-ogg-theora: a1e56fd34408186e4bbccfd4996cb3dc -> 
  custom:container-muxer-webm: aa71ff27fc2769a1b78a27578f13a17b -> 
  custom:container-demuxer-webm: 4f35f7cbe854078d1ac9338744f61a02 -> 
  custom:container-demuxer-ogg: 62fdf1f143b41e24485cea50d1cbac27 -> 
  custom:video-encoder-webm-vp8: eb34c28f22e8b96e1ab97ce403110664 -> 
  custom:video-decoder-webm-vp8: 9c59270c3fd7afecdb556c50c9e8de78 -> 
  custom:audio-decoder-ogg-vorbis: bf7c407c2cedff20999df2af8eb42d56 -> 
  custom:audio-encoder-webm-vorbis: bf7c407c2cedff20999df2af8eb42d56 -> 
========================================================================
Received Prepare
Registering precompiled user dll's ...
Registered in 0.002582 seconds.
Begin MonoManager ReloadAssembly
Native extension for WindowsStandalone target not found
Refreshing native plugins compatible for Editor in 0.61 ms, found 2 plugins.
Preloading 0 native plugins for Editor in 0.00 ms.
Mono: successfully reloaded assembly
- Completed reload, in  1.141 seconds
Domain Reload Profiling:
	ReloadAssembly (1141ms)
		BeginReloadAssembly (130ms)
			ExecutionOrderSort (0ms)
			DisableScriptedObjects (5ms)
			BackupInstance (0ms)
			ReleaseScriptingObjects (0ms)
			CreateAndSetChildDomain (42ms)
		EndReloadAssembly (945ms)
			LoadAssemblies (88ms)
			RebuildTransferFunctionScriptingTraits (0ms)
			SetupTypeCache (339ms)
			ReleaseScriptCaches (1ms)
			RebuildScriptCaches (48ms)
			SetupLoadedEditorAssemblies (319ms)
				LogAssemblyErrors (0ms)
				InitializePlatformSupportModulesInManaged (4ms)
				SetLoadedEditorAssemblies (0ms)
				RefreshPlugins (1ms)
				BeforeProcessingInitializeOnLoad (65ms)
				ProcessInitializeOnLoadAttributes (238ms)
				ProcessInitializeOnLoadMethodAttributes (4ms)
				AfterProcessingInitializeOnLoad (6ms)
				EditorAssembliesLoaded (0ms)
			ExecutionOrderSort2 (0ms)
			AwakeInstancesAfterBackupRestoration (18ms)
Platform modules already initialized, skipping
Refreshing native plugins compatible for Editor in 0.65 ms, found 2 plugins.
Preloading 0 native plugins for Editor in 0.00 ms.
Unloading 2891 Unused Serialized files (Serialized files now loaded: 0)
System memory in use before: 139.0 MB.
System memory in use after: 139.2 MB.

Unloading 14 unused Assets to reduce memory usage. Loaded Objects now: 3673.
Total: 3.915200 ms (FindLiveObjects: 0.332500 ms CreateObjectMapping: 0.182200 ms MarkObjects: 3.376300 ms  DeleteObjects: 0.022100 ms)

AssetImportParameters requested are different than current active one (requested -> active):
  custom:framework-win-MediaFoundation: 216162199b28c13a410421893ffa2e32 -> 
  custom:video-decoder-ogg-theora: a1e56fd34408186e4bbccfd4996cb3dc -> 
  custom:container-muxer-webm: aa71ff27fc2769a1b78a27578f13a17b -> 
  custom:container-demuxer-webm: 4f35f7cbe854078d1ac9338744f61a02 -> 
  custom:container-demuxer-ogg: 62fdf1f143b41e24485cea50d1cbac27 -> 
  custom:video-encoder-webm-vp8: eb34c28f22e8b96e1ab97ce403110664 -> 
  custom:video-decoder-webm-vp8: 9c59270c3fd7afecdb556c50c9e8de78 -> 
  custom:audio-decoder-ogg-vorbis: bf7c407c2cedff20999df2af8eb42d56 -> 
  custom:audio-encoder-webm-vorbis: bf7c407c2cedff20999df2af8eb42d56 -> 
========================================================================
Received Prepare
Registering precompiled user dll's ...
Registered in 0.002609 seconds.
Begin MonoManager ReloadAssembly
Native extension for WindowsStandalone target not found
Refreshing native plugins compatible for Editor in 0.61 ms, found 2 plugins.
Preloading 0 native plugins for Editor in 0.00 ms.
Mono: successfully reloaded assembly
- Completed reload, in  1.132 seconds
Domain Reload Profiling:
	ReloadAssembly (1132ms)
		BeginReloadAssembly (118ms)
			ExecutionOrderSort (0ms)
			DisableScriptedObjects (5ms)
			BackupInstance (0ms)
			ReleaseScriptingObjects (0ms)
			CreateAndSetChildDomain (38ms)
		EndReloadAssembly (949ms)
			LoadAssemblies (100ms)
			RebuildTransferFunctionScriptingTraits (0ms)
			SetupTypeCache (332ms)
			ReleaseScriptCaches (1ms)
			RebuildScriptCaches (49ms)
			SetupLoadedEditorAssemblies (322ms)
				LogAssemblyErrors (0ms)
				InitializePlatformSupportModulesInManaged (4ms)
				SetLoadedEditorAssemblies (0ms)
				RefreshPlugins (1ms)
				BeforeProcessingInitializeOnLoad (66ms)
				ProcessInitializeOnLoadAttributes (239ms)
				ProcessInitializeOnLoadMethodAttributes (5ms)
				AfterProcessingInitializeOnLoad (6ms)
				EditorAssembliesLoaded (0ms)
			ExecutionOrderSort2 (0ms)
			AwakeInstancesAfterBackupRestoration (18ms)
Platform modules already initialized, skipping
Refreshing native plugins compatible for Editor in 0.63 ms, found 2 plugins.
Preloading 0 native plugins for Editor in 0.00 ms.
Unloading 2891 Unused Serialized files (Serialized files now loaded: 0)
System memory in use before: 139.0 MB.
System memory in use after: 139.2 MB.

Unloading 14 unused Assets to reduce memory usage. Loaded Objects now: 3675.
Total: 3.742300 ms (FindLiveObjects: 0.303500 ms CreateObjectMapping: 0.160700 ms MarkObjects: 3.246100 ms  DeleteObjects: 0.030900 ms)

AssetImportParameters requested are different than current active one (requested -> active):
  custom:framework-win-MediaFoundation: 216162199b28c13a410421893ffa2e32 -> 
  custom:video-decoder-ogg-theora: a1e56fd34408186e4bbccfd4996cb3dc -> 
  custom:container-muxer-webm: aa71ff27fc2769a1b78a27578f13a17b -> 
  custom:container-demuxer-webm: 4f35f7cbe854078d1ac9338744f61a02 -> 
  custom:container-demuxer-ogg: 62fdf1f143b41e24485cea50d1cbac27 -> 
  custom:video-encoder-webm-vp8: eb34c28f22e8b96e1ab97ce403110664 -> 
  custom:video-decoder-webm-vp8: 9c59270c3fd7afecdb556c50c9e8de78 -> 
  custom:audio-decoder-ogg-vorbis: bf7c407c2cedff20999df2af8eb42d56 -> 
  custom:audio-encoder-webm-vorbis: bf7c407c2cedff20999df2af8eb42d56 -> 
========================================================================
Received Prepare
Registering precompiled user dll's ...
Registered in 0.002698 seconds.
Begin MonoManager ReloadAssembly
Native extension for WindowsStandalone target not found
Refreshing native plugins compatible for Editor in 0.72 ms, found 2 plugins.
Preloading 0 native plugins for Editor in 0.00 ms.
Mono: successfully reloaded assembly
- Completed reload, in  1.235 seconds
Domain Reload Profiling:
	ReloadAssembly (1235ms)
		BeginReloadAssembly (111ms)
			ExecutionOrderSort (0ms)
			DisableScriptedObjects (5ms)
			BackupInstance (0ms)
			ReleaseScriptingObjects (0ms)
			CreateAndSetChildDomain (35ms)
		EndReloadAssembly (1058ms)
			LoadAssemblies (92ms)
			RebuildTransferFunctionScriptingTraits (0ms)
			SetupTypeCache (368ms)
			ReleaseScriptCaches (1ms)
			RebuildScriptCaches (57ms)
			SetupLoadedEditorAssemblies (351ms)
				LogAssemblyErrors (0ms)
				InitializePlatformSupportModulesInManaged (5ms)
				SetLoadedEditorAssemblies (1ms)
				RefreshPlugins (1ms)
				BeforeProcessingInitializeOnLoad (72ms)
				ProcessInitializeOnLoadAttributes (261ms)
				ProcessInitializeOnLoadMethodAttributes (4ms)
				AfterProcessingInitializeOnLoad (7ms)
				EditorAssembliesLoaded (0ms)
			ExecutionOrderSort2 (0ms)
			AwakeInstancesAfterBackupRestoration (20ms)
Platform modules already initialized, skipping
Refreshing native plugins compatible for Editor in 0.66 ms, found 2 plugins.
Preloading 0 native plugins for Editor in 0.00 ms.
Unloading 2891 Unused Serialized files (Serialized files now loaded: 0)
System memory in use before: 139.0 MB.
System memory in use after: 139.2 MB.

Unloading 14 unused Assets to reduce memory usage. Loaded Objects now: 3677.
Total: 4.001900 ms (FindLiveObjects: 0.454300 ms CreateObjectMapping: 0.180400 ms MarkObjects: 3.343200 ms  DeleteObjects: 0.022500 ms)

AssetImportParameters requested are different than current active one (requested -> active):
  custom:framework-win-MediaFoundation: 216162199b28c13a410421893ffa2e32 -> 
  custom:video-decoder-ogg-theora: a1e56fd34408186e4bbccfd4996cb3dc -> 
  custom:container-muxer-webm: aa71ff27fc2769a1b78a27578f13a17b -> 
  custom:container-demuxer-webm: 4f35f7cbe854078d1ac9338744f61a02 -> 
  custom:container-demuxer-ogg: 62fdf1f143b41e24485cea50d1cbac27 -> 
  custom:video-encoder-webm-vp8: eb34c28f22e8b96e1ab97ce403110664 -> 
  custom:video-decoder-webm-vp8: 9c59270c3fd7afecdb556c50c9e8de78 -> 
  custom:audio-decoder-ogg-vorbis: bf7c407c2cedff20999df2af8eb42d56 -> 
  custom:audio-encoder-webm-vorbis: bf7c407c2cedff20999df2af8eb42d56 -> 
========================================================================
Received Prepare
Registering precompiled user dll's ...
Registered in 0.002653 seconds.
Begin MonoManager ReloadAssembly
Native extension for WindowsStandalone target not found
Refreshing native plugins compatible for Editor in 0.60 ms, found 2 plugins.
Preloading 0 native plugins for Editor in 0.00 ms.
Mono: successfully reloaded assembly
- Completed reload, in  1.144 seconds
Domain Reload Profiling:
	ReloadAssembly (1144ms)
		BeginReloadAssembly (117ms)
			ExecutionOrderSort (0ms)
			DisableScriptedObjects (5ms)
			BackupInstance (0ms)
			ReleaseScriptingObjects (0ms)
			CreateAndSetChildDomain (34ms)
		EndReloadAssembly (958ms)
			LoadAssemblies (99ms)
			RebuildTransferFunctionScriptingTraits (0ms)
			SetupTypeCache (346ms)
			ReleaseScriptCaches (1ms)
			RebuildScriptCaches (49ms)
			SetupLoadedEditorAssemblies (316ms)
				LogAssemblyErrors (0ms)
				InitializePlatformSupportModulesInManaged (4ms)
				SetLoadedEditorAssemblies (0ms)
				RefreshPlugins (1ms)
				BeforeProcessingInitializeOnLoad (65ms)
				ProcessInitializeOnLoadAttributes (234ms)
				ProcessInitializeOnLoadMethodAttributes (4ms)
				AfterProcessingInitializeOnLoad (6ms)
				EditorAssembliesLoaded (0ms)
			ExecutionOrderSort2 (0ms)
			AwakeInstancesAfterBackupRestoration (18ms)
Platform modules already initialized, skipping
Refreshing native plugins compatible for Editor in 0.62 ms, found 2 plugins.
Preloading 0 native plugins for Editor in 0.00 ms.
Unloading 2891 Unused Serialized files (Serialized files now loaded: 0)
System memory in use before: 139.0 MB.
System memory in use after: 139.2 MB.

Unloading 14 unused Assets to reduce memory usage. Loaded Objects now: 3679.
Total: 3.758400 ms (FindLiveObjects: 0.305000 ms CreateObjectMapping: 0.166500 ms MarkObjects: 3.231600 ms  DeleteObjects: 0.054300 ms)

AssetImportParameters requested are different than current active one (requested -> active):
  custom:framework-win-MediaFoundation: 216162199b28c13a410421893ffa2e32 -> 
  custom:video-decoder-ogg-theora: a1e56fd34408186e4bbccfd4996cb3dc -> 
  custom:container-muxer-webm: aa71ff27fc2769a1b78a27578f13a17b -> 
  custom:container-demuxer-webm: 4f35f7cbe854078d1ac9338744f61a02 -> 
  custom:container-demuxer-ogg: 62fdf1f143b41e24485cea50d1cbac27 -> 
  custom:video-encoder-webm-vp8: eb34c28f22e8b96e1ab97ce403110664 -> 
  custom:video-decoder-webm-vp8: 9c59270c3fd7afecdb556c50c9e8de78 -> 
  custom:audio-decoder-ogg-vorbis: bf7c407c2cedff20999df2af8eb42d56 -> 
  custom:audio-encoder-webm-vorbis: bf7c407c2cedff20999df2af8eb42d56 -> 
========================================================================
Received Prepare
Registering precompiled user dll's ...
Registered in 0.002706 seconds.
Begin MonoManager ReloadAssembly
Native extension for WindowsStandalone target not found
Refreshing native plugins compatible for Editor in 0.63 ms, found 2 plugins.
Preloading 0 native plugins for Editor in 0.00 ms.
Mono: successfully reloaded assembly
- Completed reload, in  1.131 seconds
Domain Reload Profiling:
	ReloadAssembly (1131ms)
		BeginReloadAssembly (119ms)
			ExecutionOrderSort (0ms)
			DisableScriptedObjects (5ms)
			BackupInstance (0ms)
			ReleaseScriptingObjects (0ms)
			CreateAndSetChildDomain (33ms)
		EndReloadAssembly (941ms)
			LoadAssemblies (93ms)
			RebuildTransferFunctionScriptingTraits (0ms)
			SetupTypeCache (324ms)
			ReleaseScriptCaches (1ms)
			RebuildScriptCaches (48ms)
			SetupLoadedEditorAssemblies (324ms)
				LogAssemblyErrors (0ms)
				InitializePlatformSupportModulesInManaged (4ms)
				SetLoadedEditorAssemblies (0ms)
				RefreshPlugins (1ms)
				BeforeProcessingInitializeOnLoad (73ms)
				ProcessInitializeOnLoadAttributes (234ms)
				ProcessInitializeOnLoadMethodAttributes (4ms)
				AfterProcessingInitializeOnLoad (7ms)
				EditorAssembliesLoaded (0ms)
			ExecutionOrderSort2 (0ms)
			AwakeInstancesAfterBackupRestoration (18ms)
Platform modules already initialized, skipping
Refreshing native plugins compatible for Editor in 0.60 ms, found 2 plugins.
Preloading 0 native plugins for Editor in 0.00 ms.
Unloading 2891 Unused Serialized files (Serialized files now loaded: 0)
System memory in use before: 139.0 MB.
System memory in use after: 139.3 MB.

Unloading 14 unused Assets to reduce memory usage. Loaded Objects now: 3681.
Total: 3.678100 ms (FindLiveObjects: 0.285100 ms CreateObjectMapping: 0.149400 ms MarkObjects: 3.211000 ms  DeleteObjects: 0.031000 ms)

AssetImportParameters requested are different than current active one (requested -> active):
  custom:framework-win-MediaFoundation: 216162199b28c13a410421893ffa2e32 -> 
  custom:video-decoder-ogg-theora: a1e56fd34408186e4bbccfd4996cb3dc -> 
  custom:container-muxer-webm: aa71ff27fc2769a1b78a27578f13a17b -> 
  custom:container-demuxer-webm: 4f35f7cbe854078d1ac9338744f61a02 -> 
  custom:container-demuxer-ogg: 62fdf1f143b41e24485cea50d1cbac27 -> 
  custom:video-encoder-webm-vp8: eb34c28f22e8b96e1ab97ce403110664 -> 
  custom:video-decoder-webm-vp8: 9c59270c3fd7afecdb556c50c9e8de78 -> 
  custom:audio-decoder-ogg-vorbis: bf7c407c2cedff20999df2af8eb42d56 -> 
  custom:audio-encoder-webm-vorbis: bf7c407c2cedff20999df2af8eb42d56 -> 
========================================================================
Received Prepare
Registering precompiled user dll's ...
Registered in 0.002599 seconds.
Begin MonoManager ReloadAssembly
Native extension for WindowsStandalone target not found
Refreshing native plugins compatible for Editor in 0.60 ms, found 2 plugins.
Preloading 0 native plugins for Editor in 0.00 ms.
Mono: successfully reloaded assembly
- Completed reload, in  1.111 seconds
Domain Reload Profiling:
	ReloadAssembly (1112ms)
		BeginReloadAssembly (113ms)
			ExecutionOrderSort (0ms)
			DisableScriptedObjects (5ms)
			BackupInstance (0ms)
			ReleaseScriptingObjects (0ms)
			CreateAndSetChildDomain (33ms)
		EndReloadAssembly (933ms)
			LoadAssemblies (87ms)
			RebuildTransferFunctionScriptingTraits (0ms)
			SetupTypeCache (335ms)
			ReleaseScriptCaches (1ms)
			RebuildScriptCaches (48ms)
			SetupLoadedEditorAssemblies (312ms)
				LogAssemblyErrors (0ms)
				InitializePlatformSupportModulesInManaged (5ms)
				SetLoadedEditorAssemblies (0ms)
				RefreshPlugins (1ms)
				BeforeProcessingInitializeOnLoad (65ms)
				ProcessInitializeOnLoadAttributes (231ms)
				ProcessInitializeOnLoadMethodAttributes (4ms)
				AfterProcessingInitializeOnLoad (6ms)
				EditorAssembliesLoaded (0ms)
			ExecutionOrderSort2 (0ms)
			AwakeInstancesAfterBackupRestoration (18ms)
Platform modules already initialized, skipping
Refreshing native plugins compatible for Editor in 0.62 ms, found 2 plugins.
Preloading 0 native plugins for Editor in 0.00 ms.
Unloading 2891 Unused Serialized files (Serialized files now loaded: 0)
System memory in use before: 139.0 MB.
System memory in use after: 139.3 MB.

Unloading 14 unused Assets to reduce memory usage. Loaded Objects now: 3683.
Total: 3.593100 ms (FindLiveObjects: 0.284600 ms CreateObjectMapping: 0.155700 ms MarkObjects: 3.105100 ms  DeleteObjects: 0.046700 ms)

AssetImportParameters requested are different than current active one (requested -> active):
  custom:framework-win-MediaFoundation: 216162199b28c13a410421893ffa2e32 -> 
  custom:video-decoder-ogg-theora: a1e56fd34408186e4bbccfd4996cb3dc -> 
  custom:container-muxer-webm: aa71ff27fc2769a1b78a27578f13a17b -> 
  custom:container-demuxer-webm: 4f35f7cbe854078d1ac9338744f61a02 -> 
  custom:container-demuxer-ogg: 62fdf1f143b41e24485cea50d1cbac27 -> 
  custom:video-encoder-webm-vp8: eb34c28f22e8b96e1ab97ce403110664 -> 
  custom:video-decoder-webm-vp8: 9c59270c3fd7afecdb556c50c9e8de78 -> 
  custom:audio-decoder-ogg-vorbis: bf7c407c2cedff20999df2af8eb42d56 -> 
  custom:audio-encoder-webm-vorbis: bf7c407c2cedff20999df2af8eb42d56 -> 
========================================================================
Received Prepare
Registering precompiled user dll's ...
Registered in 0.002584 seconds.
Begin MonoManager ReloadAssembly
Native extension for WindowsStandalone target not found
Refreshing native plugins compatible for Editor in 0.60 ms, found 2 plugins.
Preloading 0 native plugins for Editor in 0.00 ms.
Mono: successfully reloaded assembly
- Completed reload, in  1.131 seconds
Domain Reload Profiling:
	ReloadAssembly (1132ms)
		BeginReloadAssembly (112ms)
			ExecutionOrderSort (0ms)
			DisableScriptedObjects (5ms)
			BackupInstance (0ms)
			ReleaseScriptingObjects (0ms)
			CreateAndSetChildDomain (34ms)
		EndReloadAssembly (947ms)
			LoadAssemblies (97ms)
			RebuildTransferFunctionScriptingTraits (0ms)
			SetupTypeCache (325ms)
			ReleaseScriptCaches (1ms)
			RebuildScriptCaches (55ms)
			SetupLoadedEditorAssemblies (321ms)
				LogAssemblyErrors (0ms)
				InitializePlatformSupportModulesInManaged (4ms)
				SetLoadedEditorAssemblies (0ms)
				RefreshPlugins (1ms)
				BeforeProcessingInitializeOnLoad (67ms)
				ProcessInitializeOnLoadAttributes (237ms)
				ProcessInitializeOnLoadMethodAttributes (4ms)
				AfterProcessingInitializeOnLoad (6ms)
				EditorAssembliesLoaded (0ms)
			ExecutionOrderSort2 (0ms)
			AwakeInstancesAfterBackupRestoration (19ms)
Platform modules already initialized, skipping
Refreshing native plugins compatible for Editor in 0.62 ms, found 2 plugins.
Preloading 0 native plugins for Editor in 0.00 ms.
Unloading 2891 Unused Serialized files (Serialized files now loaded: 0)
System memory in use before: 139.0 MB.
System memory in use after: 139.3 MB.

Unloading 14 unused Assets to reduce memory usage. Loaded Objects now: 3685.
Total: 3.849600 ms (FindLiveObjects: 0.307800 ms CreateObjectMapping: 0.170500 ms MarkObjects: 3.347300 ms  DeleteObjects: 0.022900 ms)

AssetImportParameters requested are different than current active one (requested -> active):
  custom:framework-win-MediaFoundation: 216162199b28c13a410421893ffa2e32 -> 
  custom:video-decoder-ogg-theora: a1e56fd34408186e4bbccfd4996cb3dc -> 
  custom:container-muxer-webm: aa71ff27fc2769a1b78a27578f13a17b -> 
  custom:container-demuxer-webm: 4f35f7cbe854078d1ac9338744f61a02 -> 
  custom:container-demuxer-ogg: 62fdf1f143b41e24485cea50d1cbac27 -> 
  custom:video-encoder-webm-vp8: eb34c28f22e8b96e1ab97ce403110664 -> 
  custom:video-decoder-webm-vp8: 9c59270c3fd7afecdb556c50c9e8de78 -> 
  custom:audio-decoder-ogg-vorbis: bf7c407c2cedff20999df2af8eb42d56 -> 
  custom:audio-encoder-webm-vorbis: bf7c407c2cedff20999df2af8eb42d56 -> 
========================================================================
Received Prepare
Registering precompiled user dll's ...
Registered in 0.003444 seconds.
Begin MonoManager ReloadAssembly
Native extension for WindowsStandalone target not found
Refreshing native plugins compatible for Editor in 0.71 ms, found 2 plugins.
Preloading 0 native plugins for Editor in 0.00 ms.
Mono: successfully reloaded assembly
- Completed reload, in  1.079 seconds
Domain Reload Profiling:
	ReloadAssembly (1080ms)
		BeginReloadAssembly (111ms)
			ExecutionOrderSort (0ms)
			DisableScriptedObjects (5ms)
			BackupInstance (0ms)
			ReleaseScriptingObjects (0ms)
			CreateAndSetChildDomain (33ms)
		EndReloadAssembly (903ms)
			LoadAssemblies (90ms)
			RebuildTransferFunctionScriptingTraits (0ms)
			SetupTypeCache (308ms)
			ReleaseScriptCaches (1ms)
			RebuildScriptCaches (47ms)
			SetupLoadedEditorAssemblies (310ms)
				LogAssemblyErrors (0ms)
				InitializePlatformSupportModulesInManaged (4ms)
				SetLoadedEditorAssemblies (0ms)
				RefreshPlugins (1ms)
				BeforeProcessingInitializeOnLoad (61ms)
				ProcessInitializeOnLoadAttributes (232ms)
				ProcessInitializeOnLoadMethodAttributes (4ms)
				AfterProcessingInitializeOnLoad (6ms)
				EditorAssembliesLoaded (0ms)
			ExecutionOrderSort2 (0ms)
			AwakeInstancesAfterBackupRestoration (19ms)
Platform modules already initialized, skipping
Refreshing native plugins compatible for Editor in 0.69 ms, found 2 plugins.
Preloading 0 native plugins for Editor in 0.00 ms.
Unloading 2891 Unused Serialized files (Serialized files now loaded: 0)
System memory in use before: 139.0 MB.
System memory in use after: 139.3 MB.

Unloading 14 unused Assets to reduce memory usage. Loaded Objects now: 3687.
Total: 3.858200 ms (FindLiveObjects: 0.299600 ms CreateObjectMapping: 0.185100 ms MarkObjects: 3.352200 ms  DeleteObjects: 0.019800 ms)

AssetImportParameters requested are different than current active one (requested -> active):
  custom:framework-win-MediaFoundation: 216162199b28c13a410421893ffa2e32 -> 
  custom:video-decoder-ogg-theora: a1e56fd34408186e4bbccfd4996cb3dc -> 
  custom:container-muxer-webm: aa71ff27fc2769a1b78a27578f13a17b -> 
  custom:container-demuxer-webm: 4f35f7cbe854078d1ac9338744f61a02 -> 
  custom:container-demuxer-ogg: 62fdf1f143b41e24485cea50d1cbac27 -> 
  custom:video-encoder-webm-vp8: eb34c28f22e8b96e1ab97ce403110664 -> 
  custom:video-decoder-webm-vp8: 9c59270c3fd7afecdb556c50c9e8de78 -> 
  custom:audio-decoder-ogg-vorbis: bf7c407c2cedff20999df2af8eb42d56 -> 
  custom:audio-encoder-webm-vorbis: bf7c407c2cedff20999df2af8eb42d56 -> 
========================================================================
Received Import Request.
  Time since last request: 2440.145035 seconds.
  path: Assets/OTDB/OBJs/PERSONAJES/AVION_ROTO.fbx
  artifactKey: Guid(d86233d175b8afa4587bb22830caf7a4) Importer(815301076,1909f56bfc062723c751e8b465ee728b)
Start importing Assets/OTDB/OBJs/PERSONAJES/AVION_ROTO.fbx using Guid(d86233d175b8afa4587bb22830caf7a4) Importer(815301076,1909f56bfc062723c751e8b465ee728b)  -> (artifact id: 'c9776e4eabd077fcb395c96c208dcb3f') in 0.319827 seconds 
  Import took 0.340754 seconds .

========================================================================
Received Prepare
Registering precompiled user dll's ...
Registered in 0.002734 seconds.
Begin MonoManager ReloadAssembly
Native extension for WindowsStandalone target not found
Refreshing native plugins compatible for Editor in 0.64 ms, found 2 plugins.
Preloading 0 native plugins for Editor in 0.00 ms.
Mono: successfully reloaded assembly
- Completed reload, in  1.111 seconds
Domain Reload Profiling:
	ReloadAssembly (1112ms)
		BeginReloadAssembly (118ms)
			ExecutionOrderSort (0ms)
			DisableScriptedObjects (7ms)
			BackupInstance (0ms)
			ReleaseScriptingObjects (0ms)
			CreateAndSetChildDomain (39ms)
		EndReloadAssembly (928ms)
			LoadAssemblies (92ms)
			RebuildTransferFunctionScriptingTraits (0ms)
			SetupTypeCache (319ms)
			ReleaseScriptCaches (1ms)
			RebuildScriptCaches (47ms)
			SetupLoadedEditorAssemblies (321ms)
				LogAssemblyErrors (0ms)
				InitializePlatformSupportModulesInManaged (4ms)
				SetLoadedEditorAssemblies (1ms)
				RefreshPlugins (1ms)
				BeforeProcessingInitializeOnLoad (65ms)
				ProcessInitializeOnLoadAttributes (239ms)
				ProcessInitializeOnLoadMethodAttributes (4ms)
				AfterProcessingInitializeOnLoad (7ms)
				EditorAssembliesLoaded (0ms)
			ExecutionOrderSort2 (0ms)
			AwakeInstancesAfterBackupRestoration (19ms)
Platform modules already initialized, skipping
Refreshing native plugins compatible for Editor in 0.62 ms, found 2 plugins.
Preloading 0 native plugins for Editor in 0.00 ms.
Unloading 2891 Unused Serialized files (Serialized files now loaded: 0)
System memory in use before: 139.2 MB.
System memory in use after: 139.4 MB.

Unloading 14 unused Assets to reduce memory usage. Loaded Objects now: 3725.
Total: 4.033900 ms (FindLiveObjects: 0.332400 ms CreateObjectMapping: 0.183300 ms MarkObjects: 3.486000 ms  DeleteObjects: 0.030300 ms)

AssetImportParameters requested are different than current active one (requested -> active):
  custom:framework-win-MediaFoundation: 216162199b28c13a410421893ffa2e32 -> 
  custom:video-decoder-ogg-theora: a1e56fd34408186e4bbccfd4996cb3dc -> 
  custom:container-muxer-webm: aa71ff27fc2769a1b78a27578f13a17b -> 
  custom:container-demuxer-webm: 4f35f7cbe854078d1ac9338744f61a02 -> 
  custom:container-demuxer-ogg: 62fdf1f143b41e24485cea50d1cbac27 -> 
  custom:video-encoder-webm-vp8: eb34c28f22e8b96e1ab97ce403110664 -> 
  custom:video-decoder-webm-vp8: 9c59270c3fd7afecdb556c50c9e8de78 -> 
  custom:audio-decoder-ogg-vorbis: bf7c407c2cedff20999df2af8eb42d56 -> 
  custom:audio-encoder-webm-vorbis: bf7c407c2cedff20999df2af8eb42d56 -> 
========================================================================
Received Import Request.
  Time since last request: 59.092312 seconds.
  path: Assets/OTDB/MENU.unity
  artifactKey: Guid(242c4e3d46a7b7946a270e337f689e78) Importer(815301076,1909f56bfc062723c751e8b465ee728b)
Start importing Assets/OTDB/MENU.unity using Guid(242c4e3d46a7b7946a270e337f689e78) Importer(815301076,1909f56bfc062723c751e8b465ee728b)  -> (artifact id: 'eb07db96595188d8ef47fc2ba279cf9e') in 0.018883 seconds 
  Import took 0.024823 seconds .

========================================================================
Received Import Request.
  Time since last request: 0.798573 seconds.
  path: Assets/OTDB/DERROTA.unity
  artifactKey: Guid(135113d5c587089449d5a746f864d71b) Importer(815301076,1909f56bfc062723c751e8b465ee728b)
Start importing Assets/OTDB/DERROTA.unity using Guid(135113d5c587089449d5a746f864d71b) Importer(815301076,1909f56bfc062723c751e8b465ee728b)  -> (artifact id: 'f48498793249c2f43cbab56d38123560') in 0.002344 seconds 
  Import took 0.020177 seconds .

========================================================================
Received Import Request.
  Time since last request: 6.033130 seconds.
  path: Assets/OTDB/VIDEOJUEGO.unity
  artifactKey: Guid(b8b745b64f3ea7647935864b109c67a9) Importer(815301076,1909f56bfc062723c751e8b465ee728b)
Start importing Assets/OTDB/VIDEOJUEGO.unity using Guid(b8b745b64f3ea7647935864b109c67a9) Importer(815301076,1909f56bfc062723c751e8b465ee728b)  -> (artifact id: 'e579c0fa450476a9ce3fb1d0886f6dba') in 0.002148 seconds 
  Import took 0.017645 seconds .

========================================================================
Received Import Request.
  Time since last request: 149.168896 seconds.
  path: Assets/OTDB/MATERIALS/NATURALEZA/ARBOL_2.jpg
  artifactKey: Guid(99ece4433b29ebf41b40b6f15bd76f89) Importer(815301076,1909f56bfc062723c751e8b465ee728b)
Start importing Assets/OTDB/MATERIALS/NATURALEZA/ARBOL_2.jpg using Guid(99ece4433b29ebf41b40b6f15bd76f89) Importer(815301076,1909f56bfc062723c751e8b465ee728b)  -> (artifact id: '0e00084b907293a0d5a9a8ca371f5b24') in 0.081471 seconds 
  Import took 0.088296 seconds .

========================================================================
Received Import Request.
  Time since last request: 8.658878 seconds.
  path: Assets/OTDB/MATERIALS/NATURALEZA/MAT_ARBOL_BOSQUE 2.mat
  artifactKey: Guid(90280fd49488fcd41a8eb30999244b8e) Importer(815301076,1909f56bfc062723c751e8b465ee728b)
Start importing Assets/OTDB/MATERIALS/NATURALEZA/MAT_ARBOL_BOSQUE 2.mat using Guid(90280fd49488fcd41a8eb30999244b8e) Importer(815301076,1909f56bfc062723c751e8b465ee728b)  -> (artifact id: '3d451f2d4be25ebfd369305e4a5d1152') in 0.147621 seconds 
  Import took 0.156462 seconds .

========================================================================
Received Import Request.
  Time since last request: 3.414091 seconds.
  path: Assets/FX/Demo/FX003/3.gif
  artifactKey: Guid(2a92dd4f0c5b0914f9bcac0ee19c3c23) Importer(815301076,1909f56bfc062723c751e8b465ee728b)
Start importing Assets/FX/Demo/FX003/3.gif using Guid(2a92dd4f0c5b0914f9bcac0ee19c3c23) Importer(815301076,1909f56bfc062723c751e8b465ee728b)  -> (artifact id: '9059c6064e0db0ad5c7d4e3f5dda38a5') in 0.041350 seconds 
  Import took 0.065101 seconds .

========================================================================
Received Import Request.
  Time since last request: 16.395376 seconds.
  path: Assets/OTDB/PREFABS/NATURALEZA/ARBOL_BOSQUE_8 1.prefab
  artifactKey: Guid(520658a6213bf0c40a1aa21a3ba7a7cd) Importer(815301076,1909f56bfc062723c751e8b465ee728b)
Start importing Assets/OTDB/PREFABS/NATURALEZA/ARBOL_BOSQUE_8 1.prefab using Guid(520658a6213bf0c40a1aa21a3ba7a7cd) Importer(815301076,1909f56bfc062723c751e8b465ee728b)  -> (artifact id: '1fc9a2550e0448f5c60dcb167df1b03a') in 0.038150 seconds 
  Import took 0.050841 seconds .

========================================================================
Received Import Request.
  Time since last request: 19.406409 seconds.
  path: Assets/OTDB/MATERIALS/NATURALEZA/MAT_ARBOL_BOSQUE 2.mat
  artifactKey: Guid(90280fd49488fcd41a8eb30999244b8e) Importer(815301076,1909f56bfc062723c751e8b465ee728b)
Start importing Assets/OTDB/MATERIALS/NATURALEZA/MAT_ARBOL_BOSQUE 2.mat using Guid(90280fd49488fcd41a8eb30999244b8e) Importer(815301076,1909f56bfc062723c751e8b465ee728b)  -> (artifact id: '8d6316088eca552ed4b552f881282374') in 0.009599 seconds 
  Import took 0.015060 seconds .

========================================================================
Received Import Request.
  Time since last request: 9.735461 seconds.
  path: Assets/OTDB/PREFABS/NATURALEZA/ARBOL_BOSQUE_8 1.prefab
  artifactKey: Guid(520658a6213bf0c40a1aa21a3ba7a7cd) Importer(815301076,1909f56bfc062723c751e8b465ee728b)
Start importing Assets/OTDB/PREFABS/NATURALEZA/ARBOL_BOSQUE_8 1.prefab using Guid(520658a6213bf0c40a1aa21a3ba7a7cd) Importer(815301076,1909f56bfc062723c751e8b465ee728b)  -> (artifact id: '4608fb75959b50d5d33c54910941a00d') in 0.006303 seconds 
  Import took 0.011949 seconds .

========================================================================
Received Import Request.
  Time since last request: 7.691500 seconds.
  path: Assets/OTDB/PREFABS/NATURALEZA/ARBOL_BOSQUE_8 1.prefab
  artifactKey: Guid(520658a6213bf0c40a1aa21a3ba7a7cd) Importer(815301076,1909f56bfc062723c751e8b465ee728b)
Start importing Assets/OTDB/PREFABS/NATURALEZA/ARBOL_BOSQUE_8 1.prefab using Guid(520658a6213bf0c40a1aa21a3ba7a7cd) Importer(815301076,1909f56bfc062723c751e8b465ee728b)  -> (artifact id: 'e050623ac2d9cc6cd7dc45923b9be19f') in 0.011979 seconds 
  Import took 0.017309 seconds .

========================================================================
Received Import Request.
  Time since last request: 37.843906 seconds.
  path: Assets/OTDB/PREFABS/NATURALEZA/ARBOL_BOSQUE_8 1.prefab
  artifactKey: Guid(520658a6213bf0c40a1aa21a3ba7a7cd) Importer(815301076,1909f56bfc062723c751e8b465ee728b)
Start importing Assets/OTDB/PREFABS/NATURALEZA/ARBOL_BOSQUE_8 1.prefab using Guid(520658a6213bf0c40a1aa21a3ba7a7cd) Importer(815301076,1909f56bfc062723c751e8b465ee728b)  -> (artifact id: 'adc3544ef9ab2af1bf97b282d60b21b0') in 0.013429 seconds 
  Import took 0.019273 seconds .

========================================================================
Received Import Request.
  Time since last request: 9.716995 seconds.
  path: Assets/OTDB/PREFABS/NATURALEZA/ARBOL_BOSQUE_9.prefab
  artifactKey: Guid(520658a6213bf0c40a1aa21a3ba7a7cd) Importer(815301076,1909f56bfc062723c751e8b465ee728b)
Start importing Assets/OTDB/PREFABS/NATURALEZA/ARBOL_BOSQUE_9.prefab using Guid(520658a6213bf0c40a1aa21a3ba7a7cd) Importer(815301076,1909f56bfc062723c751e8b465ee728b)  -> (artifact id: '1ad0a489e8e3d31985ce0ea710a6ffdb') in 0.012377 seconds 
  Import took 0.027516 seconds .

========================================================================
Received Prepare
Registering precompiled user dll's ...
Registered in 0.002665 seconds.
Begin MonoManager ReloadAssembly
Native extension for WindowsStandalone target not found
Refreshing native plugins compatible for Editor in 0.79 ms, found 2 plugins.
Preloading 0 native plugins for Editor in 0.00 ms.
Mono: successfully reloaded assembly
- Completed reload, in  1.154 seconds
Domain Reload Profiling:
	ReloadAssembly (1154ms)
		BeginReloadAssembly (130ms)
			ExecutionOrderSort (0ms)
			DisableScriptedObjects (7ms)
			BackupInstance (0ms)
			ReleaseScriptingObjects (0ms)
			CreateAndSetChildDomain (40ms)
		EndReloadAssembly (957ms)
			LoadAssemblies (93ms)
			RebuildTransferFunctionScriptingTraits (0ms)
			SetupTypeCache (331ms)
			ReleaseScriptCaches (2ms)
			RebuildScriptCaches (52ms)
			SetupLoadedEditorAssemblies (326ms)
				LogAssemblyErrors (0ms)
				InitializePlatformSupportModulesInManaged (4ms)
				SetLoadedEditorAssemblies (0ms)
				RefreshPlugins (1ms)
				BeforeProcessingInitializeOnLoad (65ms)
				ProcessInitializeOnLoadAttributes (245ms)
				ProcessInitializeOnLoadMethodAttributes (4ms)
				AfterProcessingInitializeOnLoad (6ms)
				EditorAssembliesLoaded (0ms)
			ExecutionOrderSort2 (0ms)
			AwakeInstancesAfterBackupRestoration (23ms)
Platform modules already initialized, skipping
Refreshing native plugins compatible for Editor in 0.62 ms, found 2 plugins.
Preloading 0 native plugins for Editor in 0.00 ms.
Unloading 2891 Unused Serialized files (Serialized files now loaded: 0)
System memory in use before: 139.4 MB.
System memory in use after: 139.6 MB.

Unloading 14 unused Assets to reduce memory usage. Loaded Objects now: 3767.
Total: 4.269100 ms (FindLiveObjects: 0.293700 ms CreateObjectMapping: 0.141200 ms MarkObjects: 3.799000 ms  DeleteObjects: 0.033600 ms)

AssetImportParameters requested are different than current active one (requested -> active):
  custom:framework-win-MediaFoundation: 216162199b28c13a410421893ffa2e32 -> 
  custom:video-decoder-ogg-theora: a1e56fd34408186e4bbccfd4996cb3dc -> 
  custom:container-muxer-webm: aa71ff27fc2769a1b78a27578f13a17b -> 
  custom:container-demuxer-webm: 4f35f7cbe854078d1ac9338744f61a02 -> 
  custom:container-demuxer-ogg: 62fdf1f143b41e24485cea50d1cbac27 -> 
  custom:video-encoder-webm-vp8: eb34c28f22e8b96e1ab97ce403110664 -> 
  custom:video-decoder-webm-vp8: 9c59270c3fd7afecdb556c50c9e8de78 -> 
  custom:audio-decoder-ogg-vorbis: bf7c407c2cedff20999df2af8eb42d56 -> 
  custom:audio-encoder-webm-vorbis: bf7c407c2cedff20999df2af8eb42d56 -> 
========================================================================
Received Import Request.
  Time since last request: 372.194112 seconds.
  path: Assets/OTDB/MATERIALS/NATURALEZA/ARBOL_1.jpg
  artifactKey: Guid(0ff9da2d812533c46bb858d8371634e4) Importer(815301076,1909f56bfc062723c751e8b465ee728b)
Start importing Assets/OTDB/MATERIALS/NATURALEZA/ARBOL_1.jpg using Guid(0ff9da2d812533c46bb858d8371634e4) Importer(815301076,1909f56bfc062723c751e8b465ee728b)  -> (artifact id: '4ca64807b7987c8ad2061902a858d658') in 0.040633 seconds 
  Import took 0.047053 seconds .

========================================================================
Received Prepare
Registering precompiled user dll's ...
Registered in 0.002703 seconds.
Begin MonoManager ReloadAssembly
Native extension for WindowsStandalone target not found
Refreshing native plugins compatible for Editor in 0.60 ms, found 2 plugins.
Preloading 0 native plugins for Editor in 0.00 ms.
Mono: successfully reloaded assembly
- Completed reload, in  1.196 seconds
Domain Reload Profiling:
	ReloadAssembly (1196ms)
		BeginReloadAssembly (115ms)
			ExecutionOrderSort (0ms)
			DisableScriptedObjects (5ms)
			BackupInstance (0ms)
			ReleaseScriptingObjects (0ms)
			CreateAndSetChildDomain (35ms)
		EndReloadAssembly (1017ms)
			LoadAssemblies (90ms)
			RebuildTransferFunctionScriptingTraits (0ms)
			SetupTypeCache (336ms)
			ReleaseScriptCaches (1ms)
			RebuildScriptCaches (48ms)
			SetupLoadedEditorAssemblies (370ms)
				LogAssemblyErrors (0ms)
				InitializePlatformSupportModulesInManaged (4ms)
				SetLoadedEditorAssemblies (0ms)
				RefreshPlugins (1ms)
				BeforeProcessingInitializeOnLoad (66ms)
				ProcessInitializeOnLoadAttributes (286ms)
				ProcessInitializeOnLoadMethodAttributes (5ms)
				AfterProcessingInitializeOnLoad (7ms)
				EditorAssembliesLoaded (0ms)
			ExecutionOrderSort2 (0ms)
			AwakeInstancesAfterBackupRestoration (27ms)
Platform modules already initialized, skipping
Refreshing native plugins compatible for Editor in 0.66 ms, found 2 plugins.
Preloading 0 native plugins for Editor in 0.00 ms.
Unloading 2891 Unused Serialized files (Serialized files now loaded: 0)
System memory in use before: 139.4 MB.
System memory in use after: 139.6 MB.

Unloading 14 unused Assets to reduce memory usage. Loaded Objects now: 3769.
Total: 5.364400 ms (FindLiveObjects: 0.361800 ms CreateObjectMapping: 0.226500 ms MarkObjects: 4.751800 ms  DeleteObjects: 0.023100 ms)

AssetImportParameters requested are different than current active one (requested -> active):
  custom:framework-win-MediaFoundation: 216162199b28c13a410421893ffa2e32 -> 
  custom:video-decoder-ogg-theora: a1e56fd34408186e4bbccfd4996cb3dc -> 
  custom:container-muxer-webm: aa71ff27fc2769a1b78a27578f13a17b -> 
  custom:container-demuxer-webm: 4f35f7cbe854078d1ac9338744f61a02 -> 
  custom:container-demuxer-ogg: 62fdf1f143b41e24485cea50d1cbac27 -> 
  custom:video-encoder-webm-vp8: eb34c28f22e8b96e1ab97ce403110664 -> 
  custom:video-decoder-webm-vp8: 9c59270c3fd7afecdb556c50c9e8de78 -> 
  custom:audio-decoder-ogg-vorbis: bf7c407c2cedff20999df2af8eb42d56 -> 
  custom:audio-encoder-webm-vorbis: bf7c407c2cedff20999df2af8eb42d56 -> 
AssetImportWorkerClient::OnTransportError - code=2 error=End of file
