Using pre-set license
Built from '2020.3/staging' branch; Version is '2020.3.19f1 (68f137dc9bbe) revision 6877495'; Using compiler version '192528614'; Build Type 'Release'
OS: 'Windows 10 Home; OS build 19043.1526; Version 2009; 64bit' Language: 'es' Physical Memory: 16262 MB
BatchMode: 1, IsHumanControllingUs: 0, StartBugReporterOnCrash: 0, Is64bit: 1, IsPro: 0

COMMAND LINE ARGUMENTS:
C:\Program Files\Unity\Hub\Editor\2020.3.19f1\Editor\Unity.exe
-adb2
-batchMode
-noUpm
-name
AssetImportWorker0
-projectPath
F:/Imagenes/UNITY/CLASE/OTDB_6
-logFile
Logs/AssetImportWorker0.log
-srvPort
58338
Successfully changed project path to: F:/Imagenes/UNITY/CLASE/OTDB_6
F:/Imagenes/UNITY/CLASE/OTDB_6
Using Asset Import Pipeline V2.
Refreshing native plugins compatible for Editor in 43.42 ms, found 2 plugins.
Preloading 0 native plugins for Editor in 0.00 ms.
Initialize engine version: 2020.3.19f1 (68f137dc9bbe)
[Subsystems] Discovering subsystems at path C:/Program Files/Unity/Hub/Editor/2020.3.19f1/Editor/Data/Resources/UnitySubsystems
[Subsystems] Discovering subsystems at path F:/Imagenes/UNITY/CLASE/OTDB_6/Assets
GfxDevice: creating device client; threaded=0
Direct3D:
    Version:  Direct3D 11.0 [level 11.1]
    Renderer: NVIDIA GeForce RTX 2060 (ID=0x1f08)
    Vendor:   
    VRAM:     5980 MB
    Driver:   30.0.14.7212
Initialize mono
Mono path[0] = 'C:/Program Files/Unity/Hub/Editor/2020.3.19f1/Editor/Data/Managed'
Mono path[1] = 'C:/Program Files/Unity/Hub/Editor/2020.3.19f1/Editor/Data/MonoBleedingEdge/lib/mono/unityjit'
Mono config path = 'C:/Program Files/Unity/Hub/Editor/2020.3.19f1/Editor/Data/MonoBleedingEdge/etc'
Using monoOptions --debugger-agent=transport=dt_socket,embedding=1,server=y,suspend=n,address=127.0.0.1:56180
Begin MonoManager ReloadAssembly
Registering precompiled unity dll's ...
Register platform support module: C:/Program Files/Unity/Hub/Editor/2020.3.19f1/Editor/Data/PlaybackEngines/WindowsStandaloneSupport/UnityEditor.WindowsStandalone.Extensions.dll
Registered in 0.001411 seconds.
Native extension for WindowsStandalone target not found
Refreshing native plugins compatible for Editor in 41.29 ms, found 2 plugins.
Preloading 0 native plugins for Editor in 0.00 ms.
Mono: successfully reloaded assembly
- Completed reload, in  0.751 seconds
Domain Reload Profiling:
	ReloadAssembly (751ms)
		BeginReloadAssembly (37ms)
			ExecutionOrderSort (0ms)
			DisableScriptedObjects (0ms)
			BackupInstance (0ms)
			ReleaseScriptingObjects (0ms)
			CreateAndSetChildDomain (1ms)
		EndReloadAssembly (296ms)
			LoadAssemblies (35ms)
			RebuildTransferFunctionScriptingTraits (0ms)
			SetupTypeCache (93ms)
			ReleaseScriptCaches (0ms)
			RebuildScriptCaches (22ms)
			SetupLoadedEditorAssemblies (125ms)
				LogAssemblyErrors (0ms)
				InitializePlatformSupportModulesInManaged (3ms)
				SetLoadedEditorAssemblies (0ms)
				RefreshPlugins (41ms)
				BeforeProcessingInitializeOnLoad (10ms)
				ProcessInitializeOnLoadAttributes (52ms)
				ProcessInitializeOnLoadMethodAttributes (19ms)
				AfterProcessingInitializeOnLoad (0ms)
				EditorAssembliesLoaded (0ms)
			ExecutionOrderSort2 (0ms)
			AwakeInstancesAfterBackupRestoration (0ms)
Platform modules already initialized, skipping
Registering precompiled user dll's ...
Registered in 0.002248 seconds.
Begin MonoManager ReloadAssembly
Native extension for WindowsStandalone target not found
Refreshing native plugins compatible for Editor in 43.55 ms, found 2 plugins.
Preloading 0 native plugins for Editor in 0.00 ms.
Mono: successfully reloaded assembly
- Completed reload, in  0.767 seconds
Domain Reload Profiling:
	ReloadAssembly (767ms)
		BeginReloadAssembly (93ms)
			ExecutionOrderSort (0ms)
			DisableScriptedObjects (5ms)
			BackupInstance (0ms)
			ReleaseScriptingObjects (0ms)
			CreateAndSetChildDomain (12ms)
		EndReloadAssembly (633ms)
			LoadAssemblies (63ms)
			RebuildTransferFunctionScriptingTraits (0ms)
			SetupTypeCache (198ms)
			ReleaseScriptCaches (0ms)
			RebuildScriptCaches (35ms)
			SetupLoadedEditorAssemblies (261ms)
				LogAssemblyErrors (0ms)
				InitializePlatformSupportModulesInManaged (3ms)
				SetLoadedEditorAssemblies (0ms)
				RefreshPlugins (44ms)
				BeforeProcessingInitializeOnLoad (57ms)
				ProcessInitializeOnLoadAttributes (149ms)
				ProcessInitializeOnLoadMethodAttributes (3ms)
				AfterProcessingInitializeOnLoad (5ms)
				EditorAssembliesLoaded (0ms)
			ExecutionOrderSort2 (0ms)
			AwakeInstancesAfterBackupRestoration (4ms)
Platform modules already initialized, skipping
========================================================================
Worker process is ready to serve import requests
Launched and connected shader compiler UnityShaderCompiler.exe after 0.03 seconds
Refreshing native plugins compatible for Editor in 0.40 ms, found 2 plugins.
Preloading 0 native plugins for Editor in 0.00 ms.
Unloading 3047 Unused Serialized files (Serialized files now loaded: 0)
System memory in use before: 145.1 MB.
System memory in use after: 145.3 MB.

Unloading 19 unused Assets to reduce memory usage. Loaded Objects now: 3495.
Total: 2.364100 ms (FindLiveObjects: 0.171800 ms CreateObjectMapping: 0.069800 ms MarkObjects: 2.045100 ms  DeleteObjects: 0.076900 ms)

AssetImportParameters requested are different than current active one (requested -> active):
  custom:framework-win-MediaFoundation: 216162199b28c13a410421893ffa2e32 -> 
  custom:video-decoder-ogg-theora: a1e56fd34408186e4bbccfd4996cb3dc -> 
  custom:container-muxer-webm: aa71ff27fc2769a1b78a27578f13a17b -> 
  custom:container-demuxer-webm: 4f35f7cbe854078d1ac9338744f61a02 -> 
  custom:container-demuxer-ogg: 62fdf1f143b41e24485cea50d1cbac27 -> 
  custom:video-encoder-webm-vp8: eb34c28f22e8b96e1ab97ce403110664 -> 
  custom:video-decoder-webm-vp8: 9c59270c3fd7afecdb556c50c9e8de78 -> 
  custom:audio-decoder-ogg-vorbis: bf7c407c2cedff20999df2af8eb42d56 -> 
  custom:audio-encoder-webm-vorbis: bf7c407c2cedff20999df2af8eb42d56 -> 
========================================================================
Received Import Request.
  path: Assets/POR_DEFECTO/Readme.asset
  artifactKey: Guid(83c2ed844a8c74b779a4c823d16594b1) Importer(815301076,1909f56bfc062723c751e8b465ee728b)
Start importing Assets/POR_DEFECTO/Readme.asset using Guid(83c2ed844a8c74b779a4c823d16594b1) Importer(815301076,1909f56bfc062723c751e8b465ee728b)  -> (artifact id: '223d76d395327ac4f4cf23ee35f0a184') in 0.020446 seconds 
  Import took 0.023871 seconds .

========================================================================
Received Import Request.
  Time since last request: 48.614900 seconds.
  path: Assets/OTDB/MUSICA
  artifactKey: Guid(2e00f19c49aac0743bd5326274922211) Importer(815301076,1909f56bfc062723c751e8b465ee728b)
Start importing Assets/OTDB/MUSICA using Guid(2e00f19c49aac0743bd5326274922211) Importer(815301076,1909f56bfc062723c751e8b465ee728b)  -> (artifact id: 'e7ef5980e31485e3404e4ab79080c069') in 0.001352 seconds 
  Import took 0.004567 seconds .

========================================================================
Received Import Request.
  Time since last request: 0.037142 seconds.
  path: Assets/OTDB/MUSICA/M_JUEGO.mp3
  artifactKey: Guid(010a43f16b1a3d44ca8a2161e6838b75) Importer(815301076,1909f56bfc062723c751e8b465ee728b)
Start importing Assets/OTDB/MUSICA/M_JUEGO.mp3 using Guid(010a43f16b1a3d44ca8a2161e6838b75) Importer(815301076,1909f56bfc062723c751e8b465ee728b)  -> (artifact id: '2224598ae115452b9660a6d497430381') in 0.073181 seconds 
  Import took 0.076514 seconds .

========================================================================
Received Import Request.
  Time since last request: 0.000204 seconds.
  path: Assets/OTDB/MUSICA/S_AVION_1.mp3
  artifactKey: Guid(06c9901c92e89e6418b9ad5e22561681) Importer(815301076,1909f56bfc062723c751e8b465ee728b)
Start importing Assets/OTDB/MUSICA/S_AVION_1.mp3 using Guid(06c9901c92e89e6418b9ad5e22561681) Importer(815301076,1909f56bfc062723c751e8b465ee728b)  -> (artifact id: 'ddb6f9a0c0cc1338ebb4cbfb20f70678') in 0.008183 seconds 
  Import took 0.011468 seconds .

========================================================================
Received Import Request.
  Time since last request: 0.000251 seconds.
  path: Assets/OTDB/MUSICA/S_EXPLOSION_BARRIL.mp3
  artifactKey: Guid(e38533766f4c92a49836017c59c73c19) Importer(815301076,1909f56bfc062723c751e8b465ee728b)
Start importing Assets/OTDB/MUSICA/S_EXPLOSION_BARRIL.mp3 using Guid(e38533766f4c92a49836017c59c73c19) Importer(815301076,1909f56bfc062723c751e8b465ee728b)  -> (artifact id: '030a4f5dbd90e3aba7b380b0d70047e7') in 0.026283 seconds 
  Import took 0.029671 seconds .

========================================================================
Received Import Request.
  Time since last request: 0.000210 seconds.
  path: Assets/OTDB/MUSICA/M_MENU.mp3
  artifactKey: Guid(2ff1f090887db7e47b97c5dc5c2ea360) Importer(815301076,1909f56bfc062723c751e8b465ee728b)
Start importing Assets/OTDB/MUSICA/M_MENU.mp3 using Guid(2ff1f090887db7e47b97c5dc5c2ea360) Importer(815301076,1909f56bfc062723c751e8b465ee728b)  -> (artifact id: 'e71e1accd6caa58f58388d3455f2132e') in 0.032651 seconds 
  Import took 0.036278 seconds .

========================================================================
Received Import Request.
  Time since last request: 0.000247 seconds.
  path: Assets/OTDB/MUSICA/S_FUEGO_1.mp3
  artifactKey: Guid(81b5a0c9406a6604089a6d61a359ea1d) Importer(815301076,1909f56bfc062723c751e8b465ee728b)
Start importing Assets/OTDB/MUSICA/S_FUEGO_1.mp3 using Guid(81b5a0c9406a6604089a6d61a359ea1d) Importer(815301076,1909f56bfc062723c751e8b465ee728b)  -> (artifact id: '9837e31f714a11ee67e512f9d7872fcc') in 0.028666 seconds 
  Import took 0.032560 seconds .

========================================================================
Received Import Request.
  Time since last request: 0.000166 seconds.
  path: Assets/OTDB/MUSICA/S_BARRIL.mp3
  artifactKey: Guid(84e337f86264f454aa2c2bf6cd229d11) Importer(815301076,1909f56bfc062723c751e8b465ee728b)
Start importing Assets/OTDB/MUSICA/S_BARRIL.mp3 using Guid(84e337f86264f454aa2c2bf6cd229d11) Importer(815301076,1909f56bfc062723c751e8b465ee728b)  -> (artifact id: 'cf890da85672747713d9a0b9f4b8cf19') in 0.029350 seconds 
  Import took 0.033281 seconds .

========================================================================
Received Import Request.
  Time since last request: 0.000184 seconds.
  path: Assets/OTDB/MUSICA/M_PERDIDA.mp3
  artifactKey: Guid(81f0117696fb80d428b512afcdbf208b) Importer(815301076,1909f56bfc062723c751e8b465ee728b)
Start importing Assets/OTDB/MUSICA/M_PERDIDA.mp3 using Guid(81f0117696fb80d428b512afcdbf208b) Importer(815301076,1909f56bfc062723c751e8b465ee728b)  -> (artifact id: 'b407a6353d34befdb96e35c4823116b7') in 0.027135 seconds 
  Import took 0.030716 seconds .

========================================================================
Received Import Request.
  Time since last request: 0.000140 seconds.
  path: Assets/OTDB/MUSICA/S_BALISTA.mp3
  artifactKey: Guid(e1cf9abb230a8974a9445072118b2d19) Importer(815301076,1909f56bfc062723c751e8b465ee728b)
Start importing Assets/OTDB/MUSICA/S_BALISTA.mp3 using Guid(e1cf9abb230a8974a9445072118b2d19) Importer(815301076,1909f56bfc062723c751e8b465ee728b)  -> (artifact id: 'b9f437ebb39c0910d9094c5a774948bc') in 0.028810 seconds 
  Import took 0.032338 seconds .

========================================================================
Received Import Request.
  Time since last request: 14.560049 seconds.
  path: Assets/OTDB/MUSICA/S_FUEGO.mp3
  artifactKey: Guid(93831cca7d8e9a841a4ecab2545b5760) Importer(815301076,1909f56bfc062723c751e8b465ee728b)
Start importing Assets/OTDB/MUSICA/S_FUEGO.mp3 using Guid(93831cca7d8e9a841a4ecab2545b5760) Importer(815301076,1909f56bfc062723c751e8b465ee728b)  -> (artifact id: '0afac21dc3ff92d705a4416bff5cc3e9') in 0.010670 seconds 
  Import took 0.013959 seconds .

========================================================================
Received Prepare
Registering precompiled user dll's ...
Registered in 0.002634 seconds.
Begin MonoManager ReloadAssembly
Native extension for WindowsStandalone target not found
Refreshing native plugins compatible for Editor in 0.37 ms, found 2 plugins.
Preloading 0 native plugins for Editor in 0.00 ms.
Mono: successfully reloaded assembly
- Completed reload, in  0.666 seconds
Domain Reload Profiling:
	ReloadAssembly (666ms)
		BeginReloadAssembly (74ms)
			ExecutionOrderSort (0ms)
			DisableScriptedObjects (3ms)
			BackupInstance (0ms)
			ReleaseScriptingObjects (0ms)
			CreateAndSetChildDomain (22ms)
		EndReloadAssembly (551ms)
			LoadAssemblies (57ms)
			RebuildTransferFunctionScriptingTraits (0ms)
			SetupTypeCache (187ms)
			ReleaseScriptCaches (1ms)
			RebuildScriptCaches (27ms)
			SetupLoadedEditorAssemblies (209ms)
				LogAssemblyErrors (0ms)
				InitializePlatformSupportModulesInManaged (3ms)
				SetLoadedEditorAssemblies (0ms)
				RefreshPlugins (0ms)
				BeforeProcessingInitializeOnLoad (57ms)
				ProcessInitializeOnLoadAttributes (140ms)
				ProcessInitializeOnLoadMethodAttributes (3ms)
				AfterProcessingInitializeOnLoad (5ms)
				EditorAssembliesLoaded (0ms)
			ExecutionOrderSort2 (0ms)
			AwakeInstancesAfterBackupRestoration (7ms)
Platform modules already initialized, skipping
Refreshing native plugins compatible for Editor in 0.39 ms, found 2 plugins.
Preloading 0 native plugins for Editor in 0.00 ms.
Unloading 2891 Unused Serialized files (Serialized files now loaded: 0)
System memory in use before: 136.3 MB.
System memory in use after: 136.6 MB.

Unloading 14 unused Assets to reduce memory usage. Loaded Objects now: 3506.
Total: 2.006300 ms (FindLiveObjects: 0.153200 ms CreateObjectMapping: 0.061500 ms MarkObjects: 1.778900 ms  DeleteObjects: 0.012100 ms)

AssetImportParameters requested are different than current active one (requested -> active):
  custom:framework-win-MediaFoundation: 216162199b28c13a410421893ffa2e32 -> 
  custom:video-decoder-ogg-theora: a1e56fd34408186e4bbccfd4996cb3dc -> 
  custom:container-muxer-webm: aa71ff27fc2769a1b78a27578f13a17b -> 
  custom:container-demuxer-webm: 4f35f7cbe854078d1ac9338744f61a02 -> 
  custom:container-demuxer-ogg: 62fdf1f143b41e24485cea50d1cbac27 -> 
  custom:video-encoder-webm-vp8: eb34c28f22e8b96e1ab97ce403110664 -> 
  custom:video-decoder-webm-vp8: 9c59270c3fd7afecdb556c50c9e8de78 -> 
  custom:audio-decoder-ogg-vorbis: bf7c407c2cedff20999df2af8eb42d56 -> 
  custom:audio-encoder-webm-vorbis: bf7c407c2cedff20999df2af8eb42d56 -> 
========================================================================
Received Import Request.
  Time since last request: 101.206346 seconds.
  path: Assets/OTDB/MUSICA/S_FUEGO.mp3
  artifactKey: Guid(93831cca7d8e9a841a4ecab2545b5760) Importer(815301076,1909f56bfc062723c751e8b465ee728b)
Start importing Assets/OTDB/MUSICA/S_FUEGO.mp3 using Guid(93831cca7d8e9a841a4ecab2545b5760) Importer(815301076,1909f56bfc062723c751e8b465ee728b)  -> (artifact id: '4b23fa0fc9bce802afb85d765be809a0') in 0.036404 seconds 
  Import took 0.040680 seconds .

========================================================================
Received Prepare
Registering precompiled user dll's ...
Registered in 0.002161 seconds.
Begin MonoManager ReloadAssembly
Native extension for WindowsStandalone target not found
Refreshing native plugins compatible for Editor in 0.38 ms, found 2 plugins.
Preloading 0 native plugins for Editor in 0.00 ms.
Mono: successfully reloaded assembly
- Completed reload, in  0.675 seconds
Domain Reload Profiling:
	ReloadAssembly (676ms)
		BeginReloadAssembly (78ms)
			ExecutionOrderSort (0ms)
			DisableScriptedObjects (3ms)
			BackupInstance (0ms)
			ReleaseScriptingObjects (0ms)
			CreateAndSetChildDomain (23ms)
		EndReloadAssembly (556ms)
			LoadAssemblies (62ms)
			RebuildTransferFunctionScriptingTraits (0ms)
			SetupTypeCache (190ms)
			ReleaseScriptCaches (1ms)
			RebuildScriptCaches (28ms)
			SetupLoadedEditorAssemblies (205ms)
				LogAssemblyErrors (0ms)
				InitializePlatformSupportModulesInManaged (3ms)
				SetLoadedEditorAssemblies (0ms)
				RefreshPlugins (0ms)
				BeforeProcessingInitializeOnLoad (54ms)
				ProcessInitializeOnLoadAttributes (139ms)
				ProcessInitializeOnLoadMethodAttributes (2ms)
				AfterProcessingInitializeOnLoad (6ms)
				EditorAssembliesLoaded (0ms)
			ExecutionOrderSort2 (0ms)
			AwakeInstancesAfterBackupRestoration (6ms)
Platform modules already initialized, skipping
Refreshing native plugins compatible for Editor in 0.39 ms, found 2 plugins.
Preloading 0 native plugins for Editor in 0.00 ms.
Unloading 2891 Unused Serialized files (Serialized files now loaded: 0)
System memory in use before: 136.4 MB.
System memory in use after: 136.6 MB.

Unloading 14 unused Assets to reduce memory usage. Loaded Objects now: 3509.
Total: 2.029000 ms (FindLiveObjects: 0.156800 ms CreateObjectMapping: 0.067300 ms MarkObjects: 1.791700 ms  DeleteObjects: 0.012500 ms)

AssetImportParameters requested are different than current active one (requested -> active):
  custom:framework-win-MediaFoundation: 216162199b28c13a410421893ffa2e32 -> 
  custom:video-decoder-ogg-theora: a1e56fd34408186e4bbccfd4996cb3dc -> 
  custom:container-muxer-webm: aa71ff27fc2769a1b78a27578f13a17b -> 
  custom:container-demuxer-webm: 4f35f7cbe854078d1ac9338744f61a02 -> 
  custom:container-demuxer-ogg: 62fdf1f143b41e24485cea50d1cbac27 -> 
  custom:video-encoder-webm-vp8: eb34c28f22e8b96e1ab97ce403110664 -> 
  custom:video-decoder-webm-vp8: 9c59270c3fd7afecdb556c50c9e8de78 -> 
  custom:audio-decoder-ogg-vorbis: bf7c407c2cedff20999df2af8eb42d56 -> 
  custom:audio-encoder-webm-vorbis: bf7c407c2cedff20999df2af8eb42d56 -> 
AssetImportWorkerClient::OnTransportError - code=2 error=End of file
