Using pre-set license
Built from '2020.3/staging' branch; Version is '2020.3.19f1 (68f137dc9bbe) revision 6877495'; Using compiler version '192528614'; Build Type 'Release'
OS: 'Windows 10 Home; OS build 19043.1526; Version 2009; 64bit' Language: 'es' Physical Memory: 16262 MB
BatchMode: 1, IsHumanControllingUs: 0, StartBugReporterOnCrash: 0, Is64bit: 1, IsPro: 0

COMMAND LINE ARGUMENTS:
C:\Program Files\Unity\Hub\Editor\2020.3.19f1\Editor\Unity.exe
-adb2
-batchMode
-noUpm
-name
AssetImportWorker0
-projectPath
F:/Imagenes/UNITY/CLASE/OTDB_6
-logFile
Logs/AssetImportWorker0.log
-srvPort
54451
Successfully changed project path to: F:/Imagenes/UNITY/CLASE/OTDB_6
F:/Imagenes/UNITY/CLASE/OTDB_6
Using Asset Import Pipeline V2.
Refreshing native plugins compatible for Editor in 63.85 ms, found 2 plugins.
Preloading 0 native plugins for Editor in 0.00 ms.
Initialize engine version: 2020.3.19f1 (68f137dc9bbe)
[Subsystems] Discovering subsystems at path C:/Program Files/Unity/Hub/Editor/2020.3.19f1/Editor/Data/Resources/UnitySubsystems
[Subsystems] Discovering subsystems at path F:/Imagenes/UNITY/CLASE/OTDB_6/Assets
GfxDevice: creating device client; threaded=0
Direct3D:
    Version:  Direct3D 11.0 [level 11.1]
    Renderer: NVIDIA GeForce RTX 2060 (ID=0x1f08)
    Vendor:   
    VRAM:     5980 MB
    Driver:   30.0.14.7212
Initialize mono
Mono path[0] = 'C:/Program Files/Unity/Hub/Editor/2020.3.19f1/Editor/Data/Managed'
Mono path[1] = 'C:/Program Files/Unity/Hub/Editor/2020.3.19f1/Editor/Data/MonoBleedingEdge/lib/mono/unityjit'
Mono config path = 'C:/Program Files/Unity/Hub/Editor/2020.3.19f1/Editor/Data/MonoBleedingEdge/etc'
Using monoOptions --debugger-agent=transport=dt_socket,embedding=1,server=y,suspend=n,address=127.0.0.1:56960
Begin MonoManager ReloadAssembly
Registering precompiled unity dll's ...
Register platform support module: C:/Program Files/Unity/Hub/Editor/2020.3.19f1/Editor/Data/PlaybackEngines/WindowsStandaloneSupport/UnityEditor.WindowsStandalone.Extensions.dll
Registered in 0.001522 seconds.
Native extension for WindowsStandalone target not found
Refreshing native plugins compatible for Editor in 42.51 ms, found 2 plugins.
Preloading 0 native plugins for Editor in 0.00 ms.
Mono: successfully reloaded assembly
- Completed reload, in  0.760 seconds
Domain Reload Profiling:
	ReloadAssembly (760ms)
		BeginReloadAssembly (36ms)
			ExecutionOrderSort (0ms)
			DisableScriptedObjects (0ms)
			BackupInstance (0ms)
			ReleaseScriptingObjects (0ms)
			CreateAndSetChildDomain (1ms)
		EndReloadAssembly (304ms)
			LoadAssemblies (35ms)
			RebuildTransferFunctionScriptingTraits (0ms)
			SetupTypeCache (100ms)
			ReleaseScriptCaches (0ms)
			RebuildScriptCaches (19ms)
			SetupLoadedEditorAssemblies (127ms)
				LogAssemblyErrors (0ms)
				InitializePlatformSupportModulesInManaged (3ms)
				SetLoadedEditorAssemblies (0ms)
				RefreshPlugins (43ms)
				BeforeProcessingInitializeOnLoad (10ms)
				ProcessInitializeOnLoadAttributes (53ms)
				ProcessInitializeOnLoadMethodAttributes (19ms)
				AfterProcessingInitializeOnLoad (0ms)
				EditorAssembliesLoaded (0ms)
			ExecutionOrderSort2 (0ms)
			AwakeInstancesAfterBackupRestoration (0ms)
Platform modules already initialized, skipping
Registering precompiled user dll's ...
Registered in 0.002134 seconds.
Begin MonoManager ReloadAssembly
Native extension for WindowsStandalone target not found
Refreshing native plugins compatible for Editor in 44.61 ms, found 2 plugins.
Preloading 0 native plugins for Editor in 0.00 ms.
Mono: successfully reloaded assembly
- Completed reload, in  0.786 seconds
Domain Reload Profiling:
	ReloadAssembly (787ms)
		BeginReloadAssembly (95ms)
			ExecutionOrderSort (0ms)
			DisableScriptedObjects (3ms)
			BackupInstance (0ms)
			ReleaseScriptingObjects (0ms)
			CreateAndSetChildDomain (15ms)
		EndReloadAssembly (650ms)
			LoadAssemblies (64ms)
			RebuildTransferFunctionScriptingTraits (0ms)
			SetupTypeCache (201ms)
			ReleaseScriptCaches (0ms)
			RebuildScriptCaches (36ms)
			SetupLoadedEditorAssemblies (268ms)
				LogAssemblyErrors (0ms)
				InitializePlatformSupportModulesInManaged (3ms)
				SetLoadedEditorAssemblies (0ms)
				RefreshPlugins (45ms)
				BeforeProcessingInitializeOnLoad (60ms)
				ProcessInitializeOnLoadAttributes (153ms)
				ProcessInitializeOnLoadMethodAttributes (3ms)
				AfterProcessingInitializeOnLoad (5ms)
				EditorAssembliesLoaded (0ms)
			ExecutionOrderSort2 (0ms)
			AwakeInstancesAfterBackupRestoration (4ms)
Platform modules already initialized, skipping
========================================================================
Worker process is ready to serve import requests
Launched and connected shader compiler UnityShaderCompiler.exe after 0.03 seconds
Refreshing native plugins compatible for Editor in 0.38 ms, found 2 plugins.
Preloading 0 native plugins for Editor in 0.00 ms.
Unloading 3048 Unused Serialized files (Serialized files now loaded: 0)
System memory in use before: 145.1 MB.
System memory in use after: 145.3 MB.

Unloading 19 unused Assets to reduce memory usage. Loaded Objects now: 3496.
Total: 2.225300 ms (FindLiveObjects: 0.166300 ms CreateObjectMapping: 0.066400 ms MarkObjects: 1.909600 ms  DeleteObjects: 0.082200 ms)

AssetImportParameters requested are different than current active one (requested -> active):
  custom:framework-win-MediaFoundation: 216162199b28c13a410421893ffa2e32 -> 
  custom:video-decoder-ogg-theora: a1e56fd34408186e4bbccfd4996cb3dc -> 
  custom:container-muxer-webm: aa71ff27fc2769a1b78a27578f13a17b -> 
  custom:container-demuxer-webm: 4f35f7cbe854078d1ac9338744f61a02 -> 
  custom:container-demuxer-ogg: 62fdf1f143b41e24485cea50d1cbac27 -> 
  custom:video-encoder-webm-vp8: eb34c28f22e8b96e1ab97ce403110664 -> 
  custom:video-decoder-webm-vp8: 9c59270c3fd7afecdb556c50c9e8de78 -> 
  custom:audio-decoder-ogg-vorbis: bf7c407c2cedff20999df2af8eb42d56 -> 
  custom:audio-encoder-webm-vorbis: bf7c407c2cedff20999df2af8eb42d56 -> 
========================================================================
Received Import Request.
  path: Assets/OTDB/SCRIPTS/OFFSET_PROP.cs
  artifactKey: Guid(b3d548ed97f17844d9ed294854acc72c) Importer(815301076,1909f56bfc062723c751e8b465ee728b)
Start importing Assets/OTDB/SCRIPTS/OFFSET_PROP.cs using Guid(b3d548ed97f17844d9ed294854acc72c) Importer(815301076,1909f56bfc062723c751e8b465ee728b)  -> (artifact id: '8292106cccf0405c0dce1391b65c4d75') in 0.024012 seconds 
  Import took 0.027683 seconds .

========================================================================
Received Import Request.
  Time since last request: 5.485785 seconds.
  path: Assets/OTDB/PREFABS/NATURALEZA
  artifactKey: Guid(c9ba2ea3126b3644cbe8707eeec91ae2) Importer(815301076,1909f56bfc062723c751e8b465ee728b)
Start importing Assets/OTDB/PREFABS/NATURALEZA using Guid(c9ba2ea3126b3644cbe8707eeec91ae2) Importer(815301076,1909f56bfc062723c751e8b465ee728b)  -> (artifact id: 'c1864eeeabbf8e3fbd191f19678df213') in 0.001720 seconds 
  Import took 0.005493 seconds .

========================================================================
Received Import Request.
  Time since last request: 0.075892 seconds.
  path: Assets/OTDB/PREFABS/NATURALEZA/ARBOL_1.prefab
  artifactKey: Guid(90685d2cf12af4e4b97281109a5d19f2) Importer(815301076,1909f56bfc062723c751e8b465ee728b)
Start importing Assets/OTDB/PREFABS/NATURALEZA/ARBOL_1.prefab using Guid(90685d2cf12af4e4b97281109a5d19f2) Importer(815301076,1909f56bfc062723c751e8b465ee728b)  -> (artifact id: '98b25c1d7c1d6f30b1143bb611ba50dd') in 0.153433 seconds 
  Import took 0.157008 seconds .

========================================================================
Received Import Request.
  Time since last request: 0.000200 seconds.
  path: Assets/OTDB/PREFABS/NATURALEZA/MONTICULO_PEQUE.prefab
  artifactKey: Guid(0d4de795855933e4b98edea7a81e034e) Importer(815301076,1909f56bfc062723c751e8b465ee728b)
Start importing Assets/OTDB/PREFABS/NATURALEZA/MONTICULO_PEQUE.prefab using Guid(0d4de795855933e4b98edea7a81e034e) Importer(815301076,1909f56bfc062723c751e8b465ee728b)  -> (artifact id: '354780a521acf8884a81a6b75ed0c237') in 0.010524 seconds 
  Import took 0.014409 seconds .

========================================================================
Received Import Request.
  Time since last request: 0.000202 seconds.
  path: Assets/OTDB/PREFABS/NATURALEZA/PISTA_1.prefab
  artifactKey: Guid(cc738e89631e5494cb6a1bd785098ad9) Importer(815301076,1909f56bfc062723c751e8b465ee728b)
Start importing Assets/OTDB/PREFABS/NATURALEZA/PISTA_1.prefab using Guid(cc738e89631e5494cb6a1bd785098ad9) Importer(815301076,1909f56bfc062723c751e8b465ee728b)  -> (artifact id: 'ddb2b67488c8cfa8ee1623ef6845993f') in 0.018230 seconds 
  Import took 0.021826 seconds .

========================================================================
Received Import Request.
  Time since last request: 0.000185 seconds.
  path: Assets/OTDB/PREFABS/NATURALEZA/CARRETERA.prefab
  artifactKey: Guid(b0afbac3fe57a6e4c9c10e23265fe541) Importer(815301076,1909f56bfc062723c751e8b465ee728b)
Start importing Assets/OTDB/PREFABS/NATURALEZA/CARRETERA.prefab using Guid(b0afbac3fe57a6e4c9c10e23265fe541) Importer(815301076,1909f56bfc062723c751e8b465ee728b)  -> (artifact id: 'a9b943e99e4b36cf246eb3a52bea5083') in 0.008473 seconds 
  Import took 0.011823 seconds .

========================================================================
Received Import Request.
  Time since last request: 0.000171 seconds.
  path: Assets/OTDB/PREFABS/NATURALEZA/MONTANA_2.prefab
  artifactKey: Guid(7b06e880f8a89644c8f1399f91f16328) Importer(815301076,1909f56bfc062723c751e8b465ee728b)
Start importing Assets/OTDB/PREFABS/NATURALEZA/MONTANA_2.prefab using Guid(7b06e880f8a89644c8f1399f91f16328) Importer(815301076,1909f56bfc062723c751e8b465ee728b)  -> (artifact id: 'e33d5880a9f1eeb75a6c863e988b79d4') in 0.006725 seconds 
  Import took 0.010608 seconds .

========================================================================
Received Import Request.
  Time since last request: 0.000205 seconds.
  path: Assets/OTDB/PREFABS/NATURALEZA/ARBOL_BOSQUE_9.prefab
  artifactKey: Guid(520658a6213bf0c40a1aa21a3ba7a7cd) Importer(815301076,1909f56bfc062723c751e8b465ee728b)
Start importing Assets/OTDB/PREFABS/NATURALEZA/ARBOL_BOSQUE_9.prefab using Guid(520658a6213bf0c40a1aa21a3ba7a7cd) Importer(815301076,1909f56bfc062723c751e8b465ee728b)  -> (artifact id: 'b3b3787954759558a784146ddb80143d') in 0.008261 seconds 
  Import took 0.012459 seconds .

========================================================================
Received Import Request.
  Time since last request: 0.000185 seconds.
  path: Assets/OTDB/PREFABS/NATURALEZA/CESPED.prefab
  artifactKey: Guid(310ec20d5b83b9d42bea8ee2bf9d5cb4) Importer(815301076,1909f56bfc062723c751e8b465ee728b)
Start importing Assets/OTDB/PREFABS/NATURALEZA/CESPED.prefab using Guid(310ec20d5b83b9d42bea8ee2bf9d5cb4) Importer(815301076,1909f56bfc062723c751e8b465ee728b)  -> (artifact id: '56ea140e1abde80d4ebbfb3f487ae036') in 0.012758 seconds 
  Import took 0.016973 seconds .

========================================================================
Received Import Request.
  Time since last request: 0.000142 seconds.
  path: Assets/OTDB/PREFABS/NATURALEZA/MONTANA_3.prefab
  artifactKey: Guid(a797d6464f33e6c4cb39322303e6fc26) Importer(815301076,1909f56bfc062723c751e8b465ee728b)
Start importing Assets/OTDB/PREFABS/NATURALEZA/MONTANA_3.prefab using Guid(a797d6464f33e6c4cb39322303e6fc26) Importer(815301076,1909f56bfc062723c751e8b465ee728b)  -> (artifact id: 'a3f5791d45e0a018f1668609a2fdf574') in 0.006462 seconds 
  Import took 0.010165 seconds .

========================================================================
Received Import Request.
  Time since last request: 0.000170 seconds.
  path: Assets/OTDB/PREFABS/NATURALEZA/ARBOL_BOSQUE_8.prefab
  artifactKey: Guid(baca21aeaf35e634fb3a5ef1d0812ed7) Importer(815301076,1909f56bfc062723c751e8b465ee728b)
Start importing Assets/OTDB/PREFABS/NATURALEZA/ARBOL_BOSQUE_8.prefab using Guid(baca21aeaf35e634fb3a5ef1d0812ed7) Importer(815301076,1909f56bfc062723c751e8b465ee728b)  -> (artifact id: '7fc1474663dd8b1f3b621e0d3e3939d9') in 0.009313 seconds 
  Import took 0.013285 seconds .

========================================================================
Received Import Request.
  Time since last request: 0.000178 seconds.
  path: Assets/OTDB/PREFABS/NATURALEZA/MONTANA_4.prefab
  artifactKey: Guid(2a7dfcb241d109c4baf15aee065d134e) Importer(815301076,1909f56bfc062723c751e8b465ee728b)
Start importing Assets/OTDB/PREFABS/NATURALEZA/MONTANA_4.prefab using Guid(2a7dfcb241d109c4baf15aee065d134e) Importer(815301076,1909f56bfc062723c751e8b465ee728b)  -> (artifact id: '7a778f939a481e85b230c24836b68caa') in 0.007556 seconds 
  Import took 0.011072 seconds .

========================================================================
Received Import Request.
  Time since last request: 0.000181 seconds.
  path: Assets/OTDB/PREFABS/NATURALEZA/ROCA_2.prefab
  artifactKey: Guid(5fa16cb8ff04f7a47b8fe8b606387e5c) Importer(815301076,1909f56bfc062723c751e8b465ee728b)
Start importing Assets/OTDB/PREFABS/NATURALEZA/ROCA_2.prefab using Guid(5fa16cb8ff04f7a47b8fe8b606387e5c) Importer(815301076,1909f56bfc062723c751e8b465ee728b)  -> (artifact id: 'b8a4fd3d2569d38d2b40b530f155b6f8') in 0.007782 seconds 
  Import took 0.011510 seconds .

========================================================================
Received Import Request.
  Time since last request: 0.000176 seconds.
  path: Assets/OTDB/PREFABS/NATURALEZA/ARBOL_2.prefab
  artifactKey: Guid(5735027bf1c2c0b4cb080158602e721a) Importer(815301076,1909f56bfc062723c751e8b465ee728b)
Start importing Assets/OTDB/PREFABS/NATURALEZA/ARBOL_2.prefab using Guid(5735027bf1c2c0b4cb080158602e721a) Importer(815301076,1909f56bfc062723c751e8b465ee728b)  -> (artifact id: 'e912aa9bbc033a5ac7497c653587ef0e') in 0.025445 seconds 
  Import took 0.029090 seconds .

========================================================================
Received Import Request.
  Time since last request: 0.000172 seconds.
  path: Assets/OTDB/PREFABS/NATURALEZA/PISTA_2.prefab
  artifactKey: Guid(dd12a999bf4905840bb55bc34db7ee9d) Importer(815301076,1909f56bfc062723c751e8b465ee728b)
Start importing Assets/OTDB/PREFABS/NATURALEZA/PISTA_2.prefab using Guid(dd12a999bf4905840bb55bc34db7ee9d) Importer(815301076,1909f56bfc062723c751e8b465ee728b)  -> (artifact id: '315b4ab0c7ceda6e29d721cf689e0e14') in 0.006872 seconds 
  Import took 0.010401 seconds .

========================================================================
Received Import Request.
  Time since last request: 0.000230 seconds.
  path: Assets/OTDB/PREFABS/NATURALEZA/MONTANAS_ALREDEDOR.prefab
  artifactKey: Guid(53a9583b8e9cc2646a1fabac6ecce735) Importer(815301076,1909f56bfc062723c751e8b465ee728b)
Start importing Assets/OTDB/PREFABS/NATURALEZA/MONTANAS_ALREDEDOR.prefab using Guid(53a9583b8e9cc2646a1fabac6ecce735) Importer(815301076,1909f56bfc062723c751e8b465ee728b)  -> (artifact id: '9eddd9dc739998aafdf766c7331d61ec') in 0.008108 seconds 
  Import took 0.012852 seconds .

========================================================================
Received Import Request.
  Time since last request: 0.000159 seconds.
  path: Assets/OTDB/PREFABS/NATURALEZA/ROCA_3.prefab
  artifactKey: Guid(60fcc4c9a45618b49acc37afeed9b2c1) Importer(815301076,1909f56bfc062723c751e8b465ee728b)
Start importing Assets/OTDB/PREFABS/NATURALEZA/ROCA_3.prefab using Guid(60fcc4c9a45618b49acc37afeed9b2c1) Importer(815301076,1909f56bfc062723c751e8b465ee728b)  -> (artifact id: 'd6ca6bc192700f3b3edeb87ab3367e4a') in 0.007445 seconds 
  Import took 0.011849 seconds .

========================================================================
Received Import Request.
  Time since last request: 0.000172 seconds.
  path: Assets/OTDB/PREFABS/NATURALEZA/ROCA_1.prefab
  artifactKey: Guid(8389c9c3ca9705d418c72584c4ed0d76) Importer(815301076,1909f56bfc062723c751e8b465ee728b)
Start importing Assets/OTDB/PREFABS/NATURALEZA/ROCA_1.prefab using Guid(8389c9c3ca9705d418c72584c4ed0d76) Importer(815301076,1909f56bfc062723c751e8b465ee728b)  -> (artifact id: '8c352f15aa025b2727743e6318e19ec6') in 0.006889 seconds 
  Import took 0.010748 seconds .

========================================================================
Received Prepare
Registering precompiled user dll's ...
Registered in 0.003483 seconds.
Begin MonoManager ReloadAssembly
Native extension for WindowsStandalone target not found
Refreshing native plugins compatible for Editor in 0.38 ms, found 2 plugins.
Preloading 0 native plugins for Editor in 0.00 ms.
Mono: successfully reloaded assembly
- Completed reload, in  0.804 seconds
Domain Reload Profiling:
	ReloadAssembly (805ms)
		BeginReloadAssembly (130ms)
			ExecutionOrderSort (0ms)
			DisableScriptedObjects (12ms)
			BackupInstance (0ms)
			ReleaseScriptingObjects (0ms)
			CreateAndSetChildDomain (50ms)
		EndReloadAssembly (629ms)
			LoadAssemblies (68ms)
			RebuildTransferFunctionScriptingTraits (0ms)
			SetupTypeCache (203ms)
			ReleaseScriptCaches (1ms)
			RebuildScriptCaches (29ms)
			SetupLoadedEditorAssemblies (223ms)
				LogAssemblyErrors (0ms)
				InitializePlatformSupportModulesInManaged (3ms)
				SetLoadedEditorAssemblies (0ms)
				RefreshPlugins (0ms)
				BeforeProcessingInitializeOnLoad (58ms)
				ProcessInitializeOnLoadAttributes (151ms)
				ProcessInitializeOnLoadMethodAttributes (4ms)
				AfterProcessingInitializeOnLoad (6ms)
				EditorAssembliesLoaded (0ms)
			ExecutionOrderSort2 (0ms)
			AwakeInstancesAfterBackupRestoration (10ms)
Platform modules already initialized, skipping
Refreshing native plugins compatible for Editor in 0.41 ms, found 2 plugins.
Preloading 0 native plugins for Editor in 0.00 ms.
Unloading 2892 Unused Serialized files (Serialized files now loaded: 0)
System memory in use before: 138.2 MB.
System memory in use after: 138.4 MB.

Unloading 14 unused Assets to reduce memory usage. Loaded Objects now: 3543.
Total: 2.081200 ms (FindLiveObjects: 0.173200 ms CreateObjectMapping: 0.065600 ms MarkObjects: 1.824700 ms  DeleteObjects: 0.016100 ms)

AssetImportParameters requested are different than current active one (requested -> active):
  custom:framework-win-MediaFoundation: 216162199b28c13a410421893ffa2e32 -> 
  custom:video-decoder-ogg-theora: a1e56fd34408186e4bbccfd4996cb3dc -> 
  custom:container-muxer-webm: aa71ff27fc2769a1b78a27578f13a17b -> 
  custom:container-demuxer-webm: 4f35f7cbe854078d1ac9338744f61a02 -> 
  custom:container-demuxer-ogg: 62fdf1f143b41e24485cea50d1cbac27 -> 
  custom:video-encoder-webm-vp8: eb34c28f22e8b96e1ab97ce403110664 -> 
  custom:video-decoder-webm-vp8: 9c59270c3fd7afecdb556c50c9e8de78 -> 
  custom:audio-decoder-ogg-vorbis: bf7c407c2cedff20999df2af8eb42d56 -> 
  custom:audio-encoder-webm-vorbis: bf7c407c2cedff20999df2af8eb42d56 -> 
========================================================================
Received Prepare
Registering precompiled user dll's ...
Registered in 0.002605 seconds.
Begin MonoManager ReloadAssembly
Native extension for WindowsStandalone target not found
Refreshing native plugins compatible for Editor in 0.38 ms, found 2 plugins.
Preloading 0 native plugins for Editor in 0.00 ms.
Mono: successfully reloaded assembly
- Completed reload, in  0.708 seconds
Domain Reload Profiling:
	ReloadAssembly (708ms)
		BeginReloadAssembly (83ms)
			ExecutionOrderSort (0ms)
			DisableScriptedObjects (3ms)
			BackupInstance (0ms)
			ReleaseScriptingObjects (0ms)
			CreateAndSetChildDomain (24ms)
		EndReloadAssembly (581ms)
			LoadAssemblies (63ms)
			RebuildTransferFunctionScriptingTraits (0ms)
			SetupTypeCache (185ms)
			ReleaseScriptCaches (1ms)
			RebuildScriptCaches (29ms)
			SetupLoadedEditorAssemblies (216ms)
				LogAssemblyErrors (0ms)
				InitializePlatformSupportModulesInManaged (3ms)
				SetLoadedEditorAssemblies (0ms)
				RefreshPlugins (0ms)
				BeforeProcessingInitializeOnLoad (57ms)
				ProcessInitializeOnLoadAttributes (147ms)
				ProcessInitializeOnLoadMethodAttributes (3ms)
				AfterProcessingInitializeOnLoad (6ms)
				EditorAssembliesLoaded (0ms)
			ExecutionOrderSort2 (0ms)
			AwakeInstancesAfterBackupRestoration (10ms)
Platform modules already initialized, skipping
Refreshing native plugins compatible for Editor in 0.38 ms, found 2 plugins.
Preloading 0 native plugins for Editor in 0.00 ms.
Unloading 2892 Unused Serialized files (Serialized files now loaded: 0)
System memory in use before: 138.2 MB.
System memory in use after: 138.5 MB.

Unloading 14 unused Assets to reduce memory usage. Loaded Objects now: 3545.
Total: 2.040200 ms (FindLiveObjects: 0.156300 ms CreateObjectMapping: 0.064400 ms MarkObjects: 1.804400 ms  DeleteObjects: 0.013800 ms)

AssetImportParameters requested are different than current active one (requested -> active):
  custom:framework-win-MediaFoundation: 216162199b28c13a410421893ffa2e32 -> 
  custom:video-decoder-ogg-theora: a1e56fd34408186e4bbccfd4996cb3dc -> 
  custom:container-muxer-webm: aa71ff27fc2769a1b78a27578f13a17b -> 
  custom:container-demuxer-webm: 4f35f7cbe854078d1ac9338744f61a02 -> 
  custom:container-demuxer-ogg: 62fdf1f143b41e24485cea50d1cbac27 -> 
  custom:video-encoder-webm-vp8: eb34c28f22e8b96e1ab97ce403110664 -> 
  custom:video-decoder-webm-vp8: 9c59270c3fd7afecdb556c50c9e8de78 -> 
  custom:audio-decoder-ogg-vorbis: bf7c407c2cedff20999df2af8eb42d56 -> 
  custom:audio-encoder-webm-vorbis: bf7c407c2cedff20999df2af8eb42d56 -> 
AssetImportWorkerClient::OnTransportError - code=2 error=End of file
